2025-07-14 03:46:32.132: [INFO] VisibilityChanged: 0
2025-07-14 03:46:32.208: [INFO] RecordSyncInitDuration has_sync_been_enabled: 0 state: 0
2025-07-14 03:46:32.209: [INFO] RecordSyncInitDuration has_sync_been_enabled: 0 state: 0
2025-07-14 03:46:32.210: [INFO] RecordSyncInitDuration has_sync_been_enabled: 0 state: 0
2025-07-14 03:46:32.212: [INFO] RecordSyncInitDuration has_sync_been_enabled: 0 state: 0
2025-07-14 03:46:32.213: [INFO] RecordSyncInitDuration has_sync_been_enabled: 0 state: 0
2025-07-14 03:46:32.214: [INFO] RecordSyncInitDuration has_sync_been_enabled: 0 state: 0
2025-07-14 03:46:32.215: [INFO] RecordSyncInitDuration has_sync_been_enabled: 0 state: 0
2025-07-14 03:46:32.218: [INFO] RecordSyncInitDuration has_sync_been_enabled: 0 state: 0
2025-07-14 03:46:32.220: [INFO] RecordSyncInitDuration has_sync_been_enabled: 0 state: 0
2025-07-14 03:46:32.221: [INFO] RecordSyncInitDuration has_sync_been_enabled: 0 state: 0
2025-07-14 03:46:32.222: [INFO] RecordSyncInitDuration has_sync_been_enabled: 0 state: 0
2025-07-14 03:46:32.233: [INFO] BookmarkModelLoaded, ids_reassigned: 0
2025-07-14 03:46:32.233: [INFO] OnDoneLoading sync enabled: 0
2025-07-14 03:46:32.297: [INFO] RecordSyncInitDuration has_sync_been_enabled: 0 state: 0
2025-07-14 03:46:32.489: [INFO] RecordSyncInitDuration has_sync_been_enabled: 0 state: 3
2025-07-14 03:46:32.491: [INFO] Primary account changed.
2025-07-14 03:46:32.491: [INFO] OnPrimaryAccountChanged PrimaryAccountChangeEvent::Type::kSet
2025-07-14 03:46:32.495: [INFO] RecordSyncInitDuration has_sync_been_enabled: 0 state: 3
2025-07-14 03:46:32.698: [INFO] RecordSyncInitDuration has_sync_been_enabled: 0 state: 3
2025-07-14 03:46:39.953: [INFO] VisibilityChanged: 1
2025-07-14 03:46:40.486: [INFO] BookmarkNodeAdded, ABU: 0
2025-07-14 03:46:40.487: [INFO] BookmarkNodeAdded, ABU: 0
2025-07-14 03:46:40.487: [INFO] BookmarkNodeAdded, ABU: 0
2025-07-14 03:46:40.487: [INFO] BookmarkNodeAdded, ABU: 0
2025-07-14 03:46:40.487: [INFO] BookmarkNodeAdded, ABU: 0
2025-07-14 03:46:40.487: [INFO] BookmarkNodeAdded, ABU: 0
2025-07-14 03:46:40.487: [INFO] BookmarkNodeAdded, ABU: 0
2025-07-14 03:46:40.488: [INFO] BookmarkNodeAdded, ABU: 0
2025-07-14 03:46:40.488: [INFO] BookmarkNodeAdded, ABU: 0
2025-07-14 03:46:40.488: [INFO] BookmarkNodeAdded, ABU: 0
2025-07-14 03:46:40.488: [INFO] BookmarkNodeAdded, ABU: 0
2025-07-14 03:46:40.488: [INFO] BookmarkNodeAdded, ABU: 0
2025-07-14 03:46:40.488: [INFO] BookmarkNodeAdded, ABU: 0
2025-07-14 03:46:40.488: [INFO] BookmarkNodeAdded, ABU: 0
2025-07-14 03:46:40.488: [INFO] BookmarkNodeAdded, ABU: 0
2025-07-14 03:46:40.489: [INFO] BookmarkNodeAdded, ABU: 0
2025-07-14 03:46:40.489: [INFO] BookmarkNodeAdded, ABU: 0
2025-07-14 03:46:40.489: [INFO] BookmarkNodeAdded, ABU: 0
2025-07-14 03:46:40.489: [INFO] BookmarkNodeAdded, ABU: 0
2025-07-14 03:46:40.489: [INFO] BookmarkNodeAdded, ABU: 0
2025-07-14 03:46:40.489: [INFO] BookmarkNodeAdded, ABU: 0
2025-07-14 03:46:40.489: [INFO] BookmarkNodeAdded, ABU: 0
2025-07-14 03:46:40.489: [INFO] BookmarkNodeAdded, ABU: 0
2025-07-14 03:46:40.490: [INFO] BookmarkNodeAdded, ABU: 0
2025-07-14 03:46:40.490: [INFO] BookmarkNodeAdded, ABU: 0
2025-07-14 03:46:40.490: [INFO] BookmarkNodeAdded, ABU: 0
2025-07-14 03:46:40.490: [INFO] BookmarkNodeAdded, ABU: 0
2025-07-14 03:46:40.490: [INFO] BookmarkNodeAdded, ABU: 0
2025-07-14 03:46:40.490: [INFO] BookmarkNodeAdded, ABU: 0
2025-07-14 03:46:40.491: [INFO] BookmarkNodeAdded, ABU: 0
2025-07-14 03:46:40.491: [INFO] BookmarkNodeAdded, ABU: 0
2025-07-14 03:46:54.926: [INFO] VisibilityChanged: 0
2025-07-14 04:16:09.784: [INFO] OnDoneLoading sync enabled: 1
2025-07-14 04:16:23.014: [INFO] Sync initialization duration: 12954ms
2025-07-14 04:16:34.692: [INFO] VisibilityChanged: 0
2025-07-14 05:38:58.656: [INFO] OnDoneLoading sync enabled: 1
2025-07-14 05:39:01.739: [INFO] Sync initialization duration: 2780ms
2025-07-14 05:42:45.235: [INFO] VisibilityChanged: 0
2025-07-14 05:43:14.940: [INFO] OnDoneLoading sync enabled: 1
2025-07-14 05:43:18.156: [INFO] Sync initialization duration: 2965ms
2025-07-14 05:44:32.149: [INFO] VisibilityChanged: 0
2025-07-14 05:48:41.312: [INFO] OnDoneLoading sync enabled: 1
2025-07-14 05:48:44.417: [INFO] Sync initialization duration: 2866ms
2025-07-14 05:55:18.830: [INFO] VisibilityChanged: 0
2025-07-14 08:58:22.404: [INFO] OnDoneLoading sync enabled: 1
2025-07-14 08:58:26.954: [INFO] Sync initialization duration: 4348ms
2025-07-14 09:13:15.707: [INFO] VisibilityChanged: 0
2025-07-14 09:13:15.770: [INFO] VisibilityChanged: 0
2025-07-26 13:43:30.476: [INFO] OnDoneLoading sync enabled: 1
2025-07-26 13:43:33.487: [INFO] Sync initialization duration: 2657ms
2025-07-26 13:43:49.170: [INFO] BookmarkNodeAdded, ABU: 0
2025-07-26 13:43:49.171: [INFO] BookmarkNodeAdded, ABU: 0
2025-07-26 13:50:10.385: [INFO] VisibilityChanged: 0
