{"logTime": "1115/192943", "correlationVector":"4Zv0aowk0soQEY9QI05aLU.2","action":"ProcessGetUpdates", "result":"Done", "context":{"dataType":"Bookmarks", "deleted":"3", "process_failed_to_decrypt":"0", "process_pending_decryption":"0", "process_success":"5", "total":"5"}}
{"logTime": "1115/192943", "correlationVector":"4Zv0aowk0soQEY9QI05aLU.3","action":"ProcessGetUpdates", "result":"Done", "context":{"dataType":"Sessions", "deleted":"6", "process_failed_to_decrypt":"0", "process_pending_decryption":"0", "process_success":"6", "total":"6"}}
{"logTime": "1115/192943", "correlationVector":"4Zv0aowk0soQEY9QI05aLU.4","action":"ProcessGetUpdates", "result":"Done", "context":{"dataType":"History", "deleted":"0", "process_failed_to_decrypt":"0", "process_pending_decryption":"0", "process_success":"250", "total":"250"}}
{"logTime": "1115/192943", "correlationVector":"4Zv0aowk0soQEY9QI05aLU.5","action":"GetUpdates Response", "result":"Success", "context":Received 261 update(s). cV=4Zv0aowk0soQEY9QI05aLU.0;server=akswtt022000002;cloudType=Consumer;environment=Prod_southindia_prod-s01-004-apac-southindia;migrationStage=NotStarted Some updates remain.}
{"logTime": "1115/192943", "correlationVector":"LwNG3MPU+xmyFZcGGgGOEW","action":"Normal GetUpdate request", "result":"", "context":cV=LwNG3MPU+xmyFZcGGgGOEW
Nudged types: Sessions, Device Info, History, Edge Hub App Usage
Refresh requested types: Bookmarks, Preferences, Passwords, Autofill Profiles, Autofill, Extensions, Sessions, Extension settings, History Delete Directives, Device Info, User Consents, Send Tab To Self, Web Apps, History, Saved Tab Group, WebAuthn Credentials, Collection, Edge E Drop, Edge Hub App Usage, Edge Wallet, Encryption Keys}
{"logTime": "1115/192943", "correlationVector":"LwNG3MPU+xmyFZcGGgGOEW.1","action":"SyncServerConnectionManagerRequest", "result":"SYNC_SERVER_OK", "context":{"environment":"Prod_southindia_prod-s01-004-apac-southindia", "migrationStage":"NotStarted", "server":"akswtt022000001"}}
{"logTime": "1115/192943", "correlationVector":"LwNG3MPU+xmyFZcGGgGOEW.2","action":"ProcessGetUpdates", "result":"Done", "context":{"dataType":"Sessions", "deleted":"2", "process_failed_to_decrypt":"0", "process_pending_decryption":"0", "process_success":"2", "total":"2"}}
{"logTime": "1115/192943", "correlationVector":"LwNG3MPU+xmyFZcGGgGOEW.3","action":"ProcessGetUpdates", "result":"Done", "context":{"dataType":"History", "deleted":"0", "process_failed_to_decrypt":"0", "process_pending_decryption":"0", "process_success":"250", "total":"250"}}
{"logTime": "1115/192943", "correlationVector":"LwNG3MPU+xmyFZcGGgGOEW.4","action":"ProcessGetUpdates", "result":"Done", "context":{"dataType":"Edge Hub App Usage", "deleted":"1", "process_failed_to_decrypt":"0", "process_pending_decryption":"0", "process_success":"1", "total":"1"}}
{"logTime": "1115/192943", "correlationVector":"LwNG3MPU+xmyFZcGGgGOEW.5","action":"GetUpdates Response", "result":"Success", "context":Received 253 update(s). cV=LwNG3MPU+xmyFZcGGgGOEW.0;server=akswtt022000001;cloudType=Consumer;environment=Prod_southindia_prod-s01-004-apac-southindia;migrationStage=NotStarted Some updates remain.}
{"logTime": "1115/192943", "correlationVector":"i1y1/V4RXxjRx6WCQizRIu","action":"Normal GetUpdate request", "result":"", "context":cV=i1y1/V4RXxjRx6WCQizRIu
Nudged types: Sessions, Device Info, History, Edge Hub App Usage
Refresh requested types: Bookmarks, Preferences, Passwords, Autofill Profiles, Autofill, Extensions, Sessions, Extension settings, History Delete Directives, Device Info, User Consents, Send Tab To Self, Web Apps, History, Saved Tab Group, WebAuthn Credentials, Collection, Edge E Drop, Edge Hub App Usage, Edge Wallet, Encryption Keys}
{"logTime": "1115/192944", "correlationVector":"i1y1/V4RXxjRx6WCQizRIu.1","action":"SyncServerConnectionManagerRequest", "result":"SYNC_SERVER_OK", "context":{"environment":"Prod_southindia_prod-s01-004-apac-southindia", "migrationStage":"NotStarted", "server":"akswtt022000021"}}
{"logTime": "1115/192944", "correlationVector":"i1y1/V4RXxjRx6WCQizRIu.2","action":"ProcessGetUpdates", "result":"Done", "context":{"dataType":"Bookmarks", "deleted":"1", "process_failed_to_decrypt":"0", "process_pending_decryption":"0", "process_success":"1", "total":"1"}}
{"logTime": "1115/192944", "correlationVector":"i1y1/V4RXxjRx6WCQizRIu.3","action":"ProcessGetUpdates", "result":"Done", "context":{"dataType":"Device Info", "deleted":"0", "process_failed_to_decrypt":"0", "process_pending_decryption":"0", "process_success":"1", "total":"1"}}
{"logTime": "1115/192944", "correlationVector":"i1y1/V4RXxjRx6WCQizRIu.4","action":"ProcessGetUpdates", "result":"Done", "context":{"dataType":"History", "deleted":"0", "process_failed_to_decrypt":"0", "process_pending_decryption":"0", "process_success":"250", "total":"250"}}
{"logTime": "1115/192944", "correlationVector":"i1y1/V4RXxjRx6WCQizRIu.5","action":"GetUpdates Response", "result":"Success", "context":Received 252 update(s). cV=i1y1/V4RXxjRx6WCQizRIu.0;server=akswtt022000021;cloudType=Consumer;environment=Prod_southindia_prod-s01-004-apac-southindia;migrationStage=NotStarted Some updates remain.}
{"logTime": "1115/192944", "correlationVector":"xconJqfI6fa4mX2o66rgK5","action":"Normal GetUpdate request", "result":"", "context":cV=xconJqfI6fa4mX2o66rgK5
Nudged types: Sessions, Device Info, History, Edge Hub App Usage
Refresh requested types: Bookmarks, Preferences, Passwords, Autofill Profiles, Autofill, Extensions, Sessions, Extension settings, History Delete Directives, Device Info, User Consents, Send Tab To Self, Web Apps, History, Saved Tab Group, WebAuthn Credentials, Collection, Edge E Drop, Edge Hub App Usage, Edge Wallet, Encryption Keys}
{"logTime": "1115/192945", "correlationVector":"xconJqfI6fa4mX2o66rgK5.1","action":"SyncServerConnectionManagerRequest", "result":"SYNC_SERVER_OK", "context":{"environment":"Prod_southindia_prod-s01-004-apac-southindia", "migrationStage":"NotStarted", "server":"akswtt02200001m"}}
{"logTime": "1115/192945", "correlationVector":"xconJqfI6fa4mX2o66rgK5.2","action":"ProcessGetUpdates", "result":"Done", "context":{"dataType":"Sessions", "deleted":"2", "process_failed_to_decrypt":"0", "process_pending_decryption":"0", "process_success":"2", "total":"2"}}
{"logTime": "1115/192945", "correlationVector":"xconJqfI6fa4mX2o66rgK5.3","action":"ProcessGetUpdates", "result":"Done", "context":{"dataType":"History", "deleted":"0", "process_failed_to_decrypt":"0", "process_pending_decryption":"0", "process_success":"250", "total":"250"}}
{"logTime": "1115/192945", "correlationVector":"xconJqfI6fa4mX2o66rgK5.4","action":"GetUpdates Response", "result":"Success", "context":Received 252 update(s). cV=xconJqfI6fa4mX2o66rgK5.0;server=akswtt02200001m;cloudType=Consumer;environment=Prod_southindia_prod-s01-004-apac-southindia;migrationStage=NotStarted Some updates remain.}
{"logTime": "1115/192945", "correlationVector":"BVS/tz2qzM3Y9mM8hCrbFZ","action":"Normal GetUpdate request", "result":"", "context":cV=BVS/tz2qzM3Y9mM8hCrbFZ
Nudged types: Sessions, Device Info, History, Edge Hub App Usage
Refresh requested types: Bookmarks, Preferences, Passwords, Autofill Profiles, Autofill, Extensions, Sessions, Extension settings, History Delete Directives, Device Info, User Consents, Send Tab To Self, Web Apps, History, Saved Tab Group, WebAuthn Credentials, Collection, Edge E Drop, Edge Hub App Usage, Edge Wallet, Encryption Keys}
{"logTime": "1115/192945", "correlationVector":"BVS/tz2qzM3Y9mM8hCrbFZ.1","action":"SyncServerConnectionManagerRequest", "result":"SYNC_SERVER_OK", "context":{"environment":"Prod_southindia_prod-s01-004-apac-southindia", "migrationStage":"NotStarted", "server":"akswtt02200000p"}}
{"logTime": "1115/192945", "correlationVector":"BVS/tz2qzM3Y9mM8hCrbFZ.2","action":"ProcessGetUpdates", "result":"Done", "context":{"dataType":"History", "deleted":"0", "process_failed_to_decrypt":"0", "process_pending_decryption":"0", "process_success":"250", "total":"250"}}
{"logTime": "1115/192945", "correlationVector":"BVS/tz2qzM3Y9mM8hCrbFZ.3","action":"GetUpdates Response", "result":"Success", "context":Received 250 update(s). cV=BVS/tz2qzM3Y9mM8hCrbFZ.0;server=akswtt02200000p;cloudType=Consumer;environment=Prod_southindia_prod-s01-004-apac-southindia;migrationStage=NotStarted Some updates remain.}
{"logTime": "1115/192945", "correlationVector":"rpvHqAg/6RcR1C76OI7eIY","action":"Normal GetUpdate request", "result":"", "context":cV=rpvHqAg/6RcR1C76OI7eIY
Nudged types: Sessions, Device Info, History, Edge Hub App Usage
Refresh requested types: Bookmarks, Preferences, Passwords, Autofill Profiles, Autofill, Extensions, Sessions, Extension settings, History Delete Directives, Device Info, User Consents, Send Tab To Self, Web Apps, History, Saved Tab Group, WebAuthn Credentials, Collection, Edge E Drop, Edge Hub App Usage, Edge Wallet, Encryption Keys}
{"logTime": "1115/192946", "correlationVector":"rpvHqAg/6RcR1C76OI7eIY.1","action":"SyncServerConnectionManagerRequest", "result":"SYNC_SERVER_OK", "context":{"environment":"Prod_southindia_prod-s01-004-apac-southindia", "migrationStage":"NotStarted", "server":"akswtt022000001"}}
{"logTime": "1115/192946", "correlationVector":"rpvHqAg/6RcR1C76OI7eIY.2","action":"ProcessGetUpdates", "result":"Done", "context":{"dataType":"Sessions", "deleted":"1", "process_failed_to_decrypt":"0", "process_pending_decryption":"0", "process_success":"1", "total":"1"}}
{"logTime": "1115/192946", "correlationVector":"rpvHqAg/6RcR1C76OI7eIY.3","action":"ProcessGetUpdates", "result":"Done", "context":{"dataType":"History", "deleted":"0", "process_failed_to_decrypt":"0", "process_pending_decryption":"0", "process_success":"250", "total":"250"}}
{"logTime": "1115/192946", "correlationVector":"rpvHqAg/6RcR1C76OI7eIY.4","action":"ProcessGetUpdates", "result":"Done", "context":{"dataType":"Edge Hub App Usage", "deleted":"0", "process_failed_to_decrypt":"0", "process_pending_decryption":"0", "process_success":"1", "total":"1"}}
{"logTime": "1115/192946", "correlationVector":"rpvHqAg/6RcR1C76OI7eIY.5","action":"GetUpdates Response", "result":"Success", "context":Received 252 update(s). cV=rpvHqAg/6RcR1C76OI7eIY.0;server=akswtt022000001;cloudType=Consumer;environment=Prod_southindia_prod-s01-004-apac-southindia;migrationStage=NotStarted Some updates remain.}
{"logTime": "1115/192946", "correlationVector":"gwCfpwSC6rze/iq3PjDbNE","action":"Normal GetUpdate request", "result":"", "context":cV=gwCfpwSC6rze/iq3PjDbNE
Nudged types: Sessions, Device Info, History, Edge Hub App Usage
Refresh requested types: Bookmarks, Preferences, Passwords, Autofill Profiles, Autofill, Extensions, Sessions, Extension settings, History Delete Directives, Device Info, User Consents, Send Tab To Self, Web Apps, History, Saved Tab Group, WebAuthn Credentials, Collection, Edge E Drop, Edge Hub App Usage, Edge Wallet, Encryption Keys}
{"logTime": "1115/192947", "correlationVector":"gwCfpwSC6rze/iq3PjDbNE.1","action":"SyncServerConnectionManagerRequest", "result":"SYNC_SERVER_OK", "context":{"environment":"Prod_southindia_prod-s01-004-apac-southindia", "migrationStage":"NotStarted", "server":"akswtt02200001b"}}
{"logTime": "1115/192947", "correlationVector":"gwCfpwSC6rze/iq3PjDbNE.2","action":"ProcessGetUpdates", "result":"Done", "context":{"dataType":"Sessions", "deleted":"2", "process_failed_to_decrypt":"0", "process_pending_decryption":"0", "process_success":"2", "total":"2"}}
{"logTime": "1115/192947", "correlationVector":"gwCfpwSC6rze/iq3PjDbNE.3","action":"ProcessGetUpdates", "result":"Done", "context":{"dataType":"History", "deleted":"0", "process_failed_to_decrypt":"0", "process_pending_decryption":"0", "process_success":"250", "total":"250"}}
{"logTime": "1115/192947", "correlationVector":"gwCfpwSC6rze/iq3PjDbNE.4","action":"GetUpdates Response", "result":"Success", "context":Received 252 update(s). cV=gwCfpwSC6rze/iq3PjDbNE.0;server=akswtt02200001b;cloudType=Consumer;environment=Prod_southindia_prod-s01-004-apac-southindia;migrationStage=NotStarted Some updates remain.}
{"logTime": "1115/192947", "correlationVector":"HcnRM3m6mOH4fnxOxF7Gz0","action":"Normal GetUpdate request", "result":"", "context":cV=HcnRM3m6mOH4fnxOxF7Gz0
Nudged types: Sessions, Device Info, History, Edge Hub App Usage
Refresh requested types: Bookmarks, Preferences, Passwords, Autofill Profiles, Autofill, Extensions, Sessions, Extension settings, History Delete Directives, Device Info, User Consents, Send Tab To Self, Web Apps, History, Saved Tab Group, WebAuthn Credentials, Collection, Edge E Drop, Edge Hub App Usage, Edge Wallet, Encryption Keys}
{"logTime": "1115/192948", "correlationVector":"HcnRM3m6mOH4fnxOxF7Gz0.1","action":"SyncServerConnectionManagerRequest", "result":"SYNC_SERVER_OK", "context":{"environment":"Prod_southindia_prod-s01-004-apac-southindia", "migrationStage":"NotStarted", "server":"akswtt022000001"}}
{"logTime": "1115/192948", "correlationVector":"HcnRM3m6mOH4fnxOxF7Gz0.2","action":"ProcessGetUpdates", "result":"Done", "context":{"dataType":"Bookmarks", "deleted":"0", "process_failed_to_decrypt":"0", "process_pending_decryption":"0", "process_success":"2", "total":"2"}}
{"logTime": "1115/192948", "correlationVector":"HcnRM3m6mOH4fnxOxF7Gz0.3","action":"ProcessGetUpdates", "result":"Done", "context":{"dataType":"Sessions", "deleted":"9", "process_failed_to_decrypt":"0", "process_pending_decryption":"0", "process_success":"9", "total":"9"}}
{"logTime": "1115/192948", "correlationVector":"HcnRM3m6mOH4fnxOxF7Gz0.4","action":"ProcessGetUpdates", "result":"Done", "context":{"dataType":"History", "deleted":"0", "process_failed_to_decrypt":"0", "process_pending_decryption":"0", "process_success":"250", "total":"250"}}
{"logTime": "1115/192948", "correlationVector":"HcnRM3m6mOH4fnxOxF7Gz0.5","action":"GetUpdates Response", "result":"Success", "context":Received 261 update(s). cV=HcnRM3m6mOH4fnxOxF7Gz0.0;server=akswtt022000001;cloudType=Consumer;environment=Prod_southindia_prod-s01-004-apac-southindia;migrationStage=NotStarted Some updates remain.}
{"logTime": "1115/192948", "correlationVector":"x4Rnolb6dR4POufdw1Uck0","action":"Normal GetUpdate request", "result":"", "context":cV=x4Rnolb6dR4POufdw1Uck0
Nudged types: Sessions, Device Info, History, Edge Hub App Usage
Refresh requested types: Bookmarks, Preferences, Passwords, Autofill Profiles, Autofill, Extensions, Sessions, Extension settings, History Delete Directives, Device Info, User Consents, Send Tab To Self, Web Apps, History, Saved Tab Group, WebAuthn Credentials, Collection, Edge E Drop, Edge Hub App Usage, Edge Wallet, Encryption Keys}
{"logTime": "1115/192949", "correlationVector":"x4Rnolb6dR4POufdw1Uck0.1","action":"SyncServerConnectionManagerRequest", "result":"SYNC_SERVER_OK", "context":{"environment":"Prod_southindia_prod-s01-004-apac-southindia", "migrationStage":"NotStarted", "server":"akswtt022000002"}}
{"logTime": "1115/192949", "correlationVector":"x4Rnolb6dR4POufdw1Uck0.2","action":"ProcessGetUpdates", "result":"Done", "context":{"dataType":"Sessions", "deleted":"2", "process_failed_to_decrypt":"0", "process_pending_decryption":"0", "process_success":"2", "total":"2"}}
{"logTime": "1115/192949", "correlationVector":"x4Rnolb6dR4POufdw1Uck0.3","action":"ProcessGetUpdates", "result":"Done", "context":{"dataType":"History", "deleted":"0", "process_failed_to_decrypt":"0", "process_pending_decryption":"0", "process_success":"250", "total":"250"}}
{"logTime": "1115/192949", "correlationVector":"x4Rnolb6dR4POufdw1Uck0.4","action":"GetUpdates Response", "result":"Success", "context":Received 252 update(s). cV=x4Rnolb6dR4POufdw1Uck0.0;server=akswtt022000002;cloudType=Consumer;environment=Prod_southindia_prod-s01-004-apac-southindia;migrationStage=NotStarted Some updates remain.}
{"logTime": "1115/192949", "correlationVector":"1eelsyQ6K2WeWF1UJqq+vM","action":"Normal GetUpdate request", "result":"", "context":cV=1eelsyQ6K2WeWF1UJqq+vM
Nudged types: Sessions, Device Info, History, Edge Hub App Usage
Refresh requested types: Bookmarks, Preferences, Passwords, Autofill Profiles, Autofill, Extensions, Sessions, Extension settings, History Delete Directives, Device Info, User Consents, Send Tab To Self, Web Apps, History, Saved Tab Group, WebAuthn Credentials, Collection, Edge E Drop, Edge Hub App Usage, Edge Wallet, Encryption Keys}
{"logTime": "1115/192949", "correlationVector":"1eelsyQ6K2WeWF1UJqq+vM.1","action":"SyncServerConnectionManagerRequest", "result":"SYNC_SERVER_OK", "context":{"environment":"Prod_southindia_prod-s01-004-apac-southindia", "migrationStage":"NotStarted", "server":"akswtt022000001"}}
{"logTime": "1115/192949", "correlationVector":"1eelsyQ6K2WeWF1UJqq+vM.2","action":"ProcessGetUpdates", "result":"Done", "context":{"dataType":"Sessions", "deleted":"14", "process_failed_to_decrypt":"0", "process_pending_decryption":"0", "process_success":"14", "total":"14"}}
{"logTime": "1115/192949", "correlationVector":"1eelsyQ6K2WeWF1UJqq+vM.3","action":"ProcessGetUpdates", "result":"Done", "context":{"dataType":"History", "deleted":"0", "process_failed_to_decrypt":"0", "process_pending_decryption":"0", "process_success":"250", "total":"250"}}
{"logTime": "1115/192949", "correlationVector":"1eelsyQ6K2WeWF1UJqq+vM.4","action":"GetUpdates Response", "result":"Success", "context":Received 264 update(s). cV=1eelsyQ6K2WeWF1UJqq+vM.0;server=akswtt022000001;cloudType=Consumer;environment=Prod_southindia_prod-s01-004-apac-southindia;migrationStage=NotStarted Some updates remain.}
{"logTime": "1115/192949", "correlationVector":"KrreY936lfp8ratxZYGRRZ","action":"Normal GetUpdate request", "result":"", "context":cV=KrreY936lfp8ratxZYGRRZ
Nudged types: Sessions, Device Info, History, Edge Hub App Usage
Refresh requested types: Bookmarks, Preferences, Passwords, Autofill Profiles, Autofill, Extensions, Sessions, Extension settings, History Delete Directives, Device Info, User Consents, Send Tab To Self, Web Apps, History, Saved Tab Group, WebAuthn Credentials, Collection, Edge E Drop, Edge Hub App Usage, Edge Wallet, Encryption Keys}
{"logTime": "1115/192950", "correlationVector":"KrreY936lfp8ratxZYGRRZ.1","action":"SyncServerConnectionManagerRequest", "result":"SYNC_SERVER_OK", "context":{"environment":"Prod_southindia_prod-s01-004-apac-southindia", "migrationStage":"NotStarted", "server":"akswtt022000001"}}
{"logTime": "1115/192950", "correlationVector":"KrreY936lfp8ratxZYGRRZ.2","action":"ProcessGetUpdates", "result":"Done", "context":{"dataType":"Bookmarks", "deleted":"0", "process_failed_to_decrypt":"0", "process_pending_decryption":"0", "process_success":"1", "total":"1"}}
{"logTime": "1115/192950", "correlationVector":"KrreY936lfp8ratxZYGRRZ.3","action":"ProcessGetUpdates", "result":"Done", "context":{"dataType":"Sessions", "deleted":"3", "process_failed_to_decrypt":"0", "process_pending_decryption":"0", "process_success":"3", "total":"3"}}
{"logTime": "1115/192950", "correlationVector":"KrreY936lfp8ratxZYGRRZ.4","action":"ProcessGetUpdates", "result":"Done", "context":{"dataType":"History", "deleted":"0", "process_failed_to_decrypt":"0", "process_pending_decryption":"0", "process_success":"250", "total":"250"}}
{"logTime": "1115/192950", "correlationVector":"KrreY936lfp8ratxZYGRRZ.5","action":"GetUpdates Response", "result":"Success", "context":Received 254 update(s). cV=KrreY936lfp8ratxZYGRRZ.0;server=akswtt022000001;cloudType=Consumer;environment=Prod_southindia_prod-s01-004-apac-southindia;migrationStage=NotStarted Some updates remain.}
{"logTime": "1115/192950", "correlationVector":"ELIFfyWfQQnXyjQfXwmoPg","action":"Normal GetUpdate request", "result":"", "context":cV=ELIFfyWfQQnXyjQfXwmoPg
Nudged types: Sessions, Device Info, History, Edge Hub App Usage
Refresh requested types: Bookmarks, Preferences, Passwords, Autofill Profiles, Autofill, Extensions, Sessions, Extension settings, History Delete Directives, Device Info, User Consents, Send Tab To Self, Web Apps, History, Saved Tab Group, WebAuthn Credentials, Collection, Edge E Drop, Edge Hub App Usage, Edge Wallet, Encryption Keys}
{"logTime": "1115/192951", "correlationVector":"ELIFfyWfQQnXyjQfXwmoPg.1","action":"SyncServerConnectionManagerRequest", "result":"SYNC_SERVER_OK", "context":{"environment":"Prod_southindia_prod-s01-004-apac-southindia", "migrationStage":"NotStarted", "server":"akswtt022000021"}}
{"logTime": "1115/192951", "correlationVector":"ELIFfyWfQQnXyjQfXwmoPg.2","action":"ProcessGetUpdates", "result":"Done", "context":{"dataType":"History", "deleted":"0", "process_failed_to_decrypt":"0", "process_pending_decryption":"0", "process_success":"250", "total":"250"}}
{"logTime": "1115/192951", "correlationVector":"ELIFfyWfQQnXyjQfXwmoPg.3","action":"GetUpdates Response", "result":"Success", "context":Received 250 update(s). cV=ELIFfyWfQQnXyjQfXwmoPg.0;server=akswtt022000021;cloudType=Consumer;environment=Prod_southindia_prod-s01-004-apac-southindia;migrationStage=NotStarted Some updates remain.}
{"logTime": "1115/192951", "correlationVector":"0A+BGGFMhT9GLb1FQOsSZD","action":"Normal GetUpdate request", "result":"", "context":cV=0A+BGGFMhT9GLb1FQOsSZD
Nudged types: Sessions, Device Info, History, Edge Hub App Usage
Refresh requested types: Bookmarks, Preferences, Passwords, Autofill Profiles, Autofill, Extensions, Sessions, Extension settings, History Delete Directives, Device Info, User Consents, Send Tab To Self, Web Apps, History, Saved Tab Group, WebAuthn Credentials, Collection, Edge E Drop, Edge Hub App Usage, Edge Wallet, Encryption Keys}
{"logTime": "1115/192952", "correlationVector":"0A+BGGFMhT9GLb1FQOsSZD.1","action":"SyncServerConnectionManagerRequest", "result":"SYNC_SERVER_OK", "context":{"environment":"Prod_southindia_prod-s01-004-apac-southindia", "migrationStage":"NotStarted", "server":"akswtt02200001a"}}
{"logTime": "1115/192952", "correlationVector":"0A+BGGFMhT9GLb1FQOsSZD.2","action":"ProcessGetUpdates", "result":"Done", "context":{"dataType":"Sessions", "deleted":"3", "process_failed_to_decrypt":"0", "process_pending_decryption":"0", "process_success":"3", "total":"3"}}
{"logTime": "1115/192952", "correlationVector":"0A+BGGFMhT9GLb1FQOsSZD.3","action":"ProcessGetUpdates", "result":"Done", "context":{"dataType":"History", "deleted":"0", "process_failed_to_decrypt":"0", "process_pending_decryption":"0", "process_success":"250", "total":"250"}}
{"logTime": "1115/192952", "correlationVector":"0A+BGGFMhT9GLb1FQOsSZD.4","action":"GetUpdates Response", "result":"Success", "context":Received 253 update(s). cV=0A+BGGFMhT9GLb1FQOsSZD.0;server=akswtt02200001a;cloudType=Consumer;environment=Prod_southindia_prod-s01-004-apac-southindia;migrationStage=NotStarted Some updates remain.}
{"logTime": "1115/192952", "correlationVector":"cu0ByEkKzkxfCFtHRUQyd2","action":"Normal GetUpdate request", "result":"", "context":cV=cu0ByEkKzkxfCFtHRUQyd2
Nudged types: Sessions, Device Info, History, Edge Hub App Usage
Refresh requested types: Bookmarks, Preferences, Passwords, Autofill Profiles, Autofill, Extensions, Sessions, Extension settings, History Delete Directives, Device Info, User Consents, Send Tab To Self, Web Apps, History, Saved Tab Group, WebAuthn Credentials, Collection, Edge E Drop, Edge Hub App Usage, Edge Wallet, Encryption Keys}
{"logTime": "1115/192952", "correlationVector":"cu0ByEkKzkxfCFtHRUQyd2.1","action":"SyncServerConnectionManagerRequest", "result":"SYNC_SERVER_OK", "context":{"environment":"Prod_southindia_prod-s01-004-apac-southindia", "migrationStage":"NotStarted", "server":"akswtt02200001o"}}
{"logTime": "1115/192952", "correlationVector":"cu0ByEkKzkxfCFtHRUQyd2.2","action":"ProcessGetUpdates", "result":"Done", "context":{"dataType":"Extensions", "deleted":"0", "process_failed_to_decrypt":"0", "process_pending_decryption":"0", "process_success":"1", "total":"1"}}
{"logTime": "1115/192952", "correlationVector":"cu0ByEkKzkxfCFtHRUQyd2.3","action":"ProcessGetUpdates", "result":"Done", "context":{"dataType":"Sessions", "deleted":"5", "process_failed_to_decrypt":"0", "process_pending_decryption":"0", "process_success":"5", "total":"5"}}
{"logTime": "1115/192952", "correlationVector":"cu0ByEkKzkxfCFtHRUQyd2.4","action":"ProcessGetUpdates", "result":"Done", "context":{"dataType":"History", "deleted":"0", "process_failed_to_decrypt":"0", "process_pending_decryption":"0", "process_success":"250", "total":"250"}}
{"logTime": "1115/192952", "correlationVector":"cu0ByEkKzkxfCFtHRUQyd2.5","action":"GetUpdates Response", "result":"Success", "context":Received 256 update(s). cV=cu0ByEkKzkxfCFtHRUQyd2.0;server=akswtt02200001o;cloudType=Consumer;environment=Prod_southindia_prod-s01-004-apac-southindia;migrationStage=NotStarted Some updates remain.}
{"logTime": "1115/192952", "correlationVector":"2iR/e+pKQZ4xDG6/6ghdws","action":"Normal GetUpdate request", "result":"", "context":cV=2iR/e+pKQZ4xDG6/6ghdws
Nudged types: Sessions, Device Info, History, Edge Hub App Usage
Refresh requested types: Bookmarks, Preferences, Passwords, Autofill Profiles, Autofill, Extensions, Sessions, Extension settings, History Delete Directives, Device Info, User Consents, Send Tab To Self, Web Apps, History, Saved Tab Group, WebAuthn Credentials, Collection, Edge E Drop, Edge Hub App Usage, Edge Wallet, Encryption Keys}
{"logTime": "1115/192953", "correlationVector":"2iR/e+pKQZ4xDG6/6ghdws.1","action":"SyncServerConnectionManagerRequest", "result":"SYNC_SERVER_OK", "context":{"environment":"Prod_southindia_prod-s01-004-apac-southindia", "migrationStage":"NotStarted", "server":"akswtt02200001b"}}
{"logTime": "1115/192953", "correlationVector":"2iR/e+pKQZ4xDG6/6ghdws.2","action":"ProcessGetUpdates", "result":"Done", "context":{"dataType":"Sessions", "deleted":"17", "process_failed_to_decrypt":"0", "process_pending_decryption":"0", "process_success":"17", "total":"17"}}
{"logTime": "1115/192953", "correlationVector":"2iR/e+pKQZ4xDG6/6ghdws.3","action":"ProcessGetUpdates", "result":"Done", "context":{"dataType":"History", "deleted":"0", "process_failed_to_decrypt":"0", "process_pending_decryption":"0", "process_success":"250", "total":"250"}}
{"logTime": "1115/192953", "correlationVector":"2iR/e+pKQZ4xDG6/6ghdws.4","action":"GetUpdates Response", "result":"Success", "context":Received 267 update(s). cV=2iR/e+pKQZ4xDG6/6ghdws.0;server=akswtt02200001b;cloudType=Consumer;environment=Prod_southindia_prod-s01-004-apac-southindia;migrationStage=NotStarted Some updates remain.}
{"logTime": "1115/192953", "correlationVector":"6/MP1ga+LpwUTgY+wtQ8Oi","action":"Normal GetUpdate request", "result":"", "context":cV=6/MP1ga+LpwUTgY+wtQ8Oi
Nudged types: Sessions, Device Info, History, Edge Hub App Usage
Refresh requested types: Bookmarks, Preferences, Passwords, Autofill Profiles, Autofill, Extensions, Sessions, Extension settings, History Delete Directives, Device Info, User Consents, Send Tab To Self, Web Apps, History, Saved Tab Group, WebAuthn Credentials, Collection, Edge E Drop, Edge Hub App Usage, Edge Wallet, Encryption Keys}
{"logTime": "1115/192954", "correlationVector":"6/MP1ga+LpwUTgY+wtQ8Oi.1","action":"SyncServerConnectionManagerRequest", "result":"SYNC_SERVER_OK", "context":{"environment":"Prod_southindia_prod-s01-004-apac-southindia", "migrationStage":"NotStarted", "server":"akswtt02200000p"}}
{"logTime": "1115/192954", "correlationVector":"6/MP1ga+LpwUTgY+wtQ8Oi.2","action":"ProcessGetUpdates", "result":"Done", "context":{"dataType":"Preferences", "deleted":"0", "process_failed_to_decrypt":"0", "process_pending_decryption":"0", "process_success":"1", "total":"1"}}
{"logTime": "1115/192954", "correlationVector":"6/MP1ga+LpwUTgY+wtQ8Oi.3","action":"ProcessGetUpdates", "result":"Done", "context":{"dataType":"Sessions", "deleted":"4", "process_failed_to_decrypt":"0", "process_pending_decryption":"0", "process_success":"6", "total":"6"}}
{"logTime": "1115/192954", "correlationVector":"6/MP1ga+LpwUTgY+wtQ8Oi.4","action":"ProcessGetUpdates", "result":"Done", "context":{"dataType":"Device Info", "deleted":"0", "process_failed_to_decrypt":"0", "process_pending_decryption":"0", "process_success":"1", "total":"1"}}
{"logTime": "1115/192954", "correlationVector":"6/MP1ga+LpwUTgY+wtQ8Oi.5","action":"ProcessGetUpdates", "result":"Done", "context":{"dataType":"History", "deleted":"0", "process_failed_to_decrypt":"0", "process_pending_decryption":"0", "process_success":"250", "total":"250"}}
{"logTime": "1115/192954", "correlationVector":"6/MP1ga+LpwUTgY+wtQ8Oi.6","action":"GetUpdates Response", "result":"Success", "context":Received 258 update(s). cV=6/MP1ga+LpwUTgY+wtQ8Oi.0;server=akswtt02200000p;cloudType=Consumer;environment=Prod_southindia_prod-s01-004-apac-southindia;migrationStage=NotStarted Some updates remain.}
{"logTime": "1115/192954", "correlationVector":"oDVL3WhCRny3yWfyQPjFr9","action":"Normal GetUpdate request", "result":"", "context":cV=oDVL3WhCRny3yWfyQPjFr9
Nudged types: Sessions, Device Info, History, Edge Hub App Usage
Refresh requested types: Bookmarks, Preferences, Passwords, Autofill Profiles, Autofill, Extensions, Sessions, Extension settings, History Delete Directives, Device Info, User Consents, Send Tab To Self, Web Apps, History, Saved Tab Group, WebAuthn Credentials, Collection, Edge E Drop, Edge Hub App Usage, Edge Wallet, Encryption Keys}
{"logTime": "1115/192955", "correlationVector":"oDVL3WhCRny3yWfyQPjFr9.1","action":"SyncServerConnectionManagerRequest", "result":"SYNC_SERVER_OK", "context":{"environment":"Prod_southindia_prod-s01-004-apac-southindia", "migrationStage":"NotStarted", "server":"akswtt022000021"}}
{"logTime": "1115/192955", "correlationVector":"oDVL3WhCRny3yWfyQPjFr9.2","action":"ProcessGetUpdates", "result":"Done", "context":{"dataType":"Bookmarks", "deleted":"0", "process_failed_to_decrypt":"0", "process_pending_decryption":"0", "process_success":"1", "total":"1"}}
{"logTime": "1115/192955", "correlationVector":"oDVL3WhCRny3yWfyQPjFr9.3","action":"ProcessGetUpdates", "result":"Done", "context":{"dataType":"Sessions", "deleted":"6", "process_failed_to_decrypt":"0", "process_pending_decryption":"0", "process_success":"6", "total":"6"}}
{"logTime": "1115/192955", "correlationVector":"oDVL3WhCRny3yWfyQPjFr9.4","action":"ProcessGetUpdates", "result":"Done", "context":{"dataType":"History", "deleted":"0", "process_failed_to_decrypt":"0", "process_pending_decryption":"0", "process_success":"250", "total":"250"}}
{"logTime": "1115/192955", "correlationVector":"oDVL3WhCRny3yWfyQPjFr9.5","action":"GetUpdates Response", "result":"Success", "context":Received 257 update(s). cV=oDVL3WhCRny3yWfyQPjFr9.0;server=akswtt022000021;cloudType=Consumer;environment=Prod_southindia_prod-s01-004-apac-southindia;migrationStage=NotStarted Some updates remain.}
{"logTime": "1115/192955", "correlationVector":"Saly0sHw3jWNwO6MbqS7mI","action":"Normal GetUpdate request", "result":"", "context":cV=Saly0sHw3jWNwO6MbqS7mI
Nudged types: Sessions, Device Info, History, Edge Hub App Usage
Refresh requested types: Bookmarks, Preferences, Passwords, Autofill Profiles, Autofill, Extensions, Sessions, Extension settings, History Delete Directives, Device Info, User Consents, Send Tab To Self, Web Apps, History, Saved Tab Group, WebAuthn Credentials, Collection, Edge E Drop, Edge Hub App Usage, Edge Wallet, Encryption Keys}
{"logTime": "1115/192955", "correlationVector":"Saly0sHw3jWNwO6MbqS7mI.1","action":"SyncServerConnectionManagerRequest", "result":"SYNC_SERVER_OK", "context":{"environment":"Prod_southindia_prod-s01-004-apac-southindia", "migrationStage":"NotStarted", "server":"akswtt022000002"}}
{"logTime": "1115/192955", "correlationVector":"Saly0sHw3jWNwO6MbqS7mI.2","action":"ProcessGetUpdates", "result":"Done", "context":{"dataType":"Preferences", "deleted":"0", "process_failed_to_decrypt":"0", "process_pending_decryption":"0", "process_success":"1", "total":"1"}}
{"logTime": "1115/192955", "correlationVector":"Saly0sHw3jWNwO6MbqS7mI.3","action":"ProcessGetUpdates", "result":"Done", "context":{"dataType":"Sessions", "deleted":"6", "process_failed_to_decrypt":"0", "process_pending_decryption":"0", "process_success":"8", "total":"8"}}
{"logTime": "1115/192955", "correlationVector":"Saly0sHw3jWNwO6MbqS7mI.4","action":"ProcessGetUpdates", "result":"Done", "context":{"dataType":"Device Info", "deleted":"0", "process_failed_to_decrypt":"0", "process_pending_decryption":"0", "process_success":"1", "total":"1"}}
{"logTime": "1115/192955", "correlationVector":"Saly0sHw3jWNwO6MbqS7mI.5","action":"ProcessGetUpdates", "result":"Done", "context":{"dataType":"History", "deleted":"0", "process_failed_to_decrypt":"0", "process_pending_decryption":"0", "process_success":"250", "total":"250"}}
{"logTime": "1115/192955", "correlationVector":"Saly0sHw3jWNwO6MbqS7mI.6","action":"GetUpdates Response", "result":"Success", "context":Received 260 update(s). cV=Saly0sHw3jWNwO6MbqS7mI.0;server=akswtt022000002;cloudType=Consumer;environment=Prod_southindia_prod-s01-004-apac-southindia;migrationStage=NotStarted Some updates remain.}
{"logTime": "1115/192955", "correlationVector":"LzhUr6aV+dHgU4UDzjHnFY","action":"Normal GetUpdate request", "result":"", "context":cV=LzhUr6aV+dHgU4UDzjHnFY
Nudged types: Sessions, Device Info, History, Edge Hub App Usage
Refresh requested types: Bookmarks, Preferences, Passwords, Autofill Profiles, Autofill, Extensions, Sessions, Extension settings, History Delete Directives, Device Info, User Consents, Send Tab To Self, Web Apps, History, Saved Tab Group, WebAuthn Credentials, Collection, Edge E Drop, Edge Hub App Usage, Edge Wallet, Encryption Keys}
{"logTime": "1115/192956", "correlationVector":"LzhUr6aV+dHgU4UDzjHnFY.1","action":"SyncServerConnectionManagerRequest", "result":"SYNC_SERVER_OK", "context":{"environment":"Prod_southindia_prod-s01-004-apac-southindia", "migrationStage":"NotStarted", "server":"akswtt02200001o"}}
{"logTime": "1115/192956", "correlationVector":"LzhUr6aV+dHgU4UDzjHnFY.2","action":"ProcessGetUpdates", "result":"Done", "context":{"dataType":"Sessions", "deleted":"23", "process_failed_to_decrypt":"0", "process_pending_decryption":"0", "process_success":"23", "total":"23"}}
{"logTime": "1115/192956", "correlationVector":"LzhUr6aV+dHgU4UDzjHnFY.3","action":"ProcessGetUpdates", "result":"Done", "context":{"dataType":"History", "deleted":"0", "process_failed_to_decrypt":"0", "process_pending_decryption":"0", "process_success":"250", "total":"250"}}
{"logTime": "1115/192956", "correlationVector":"LzhUr6aV+dHgU4UDzjHnFY.4","action":"GetUpdates Response", "result":"Success", "context":Received 273 update(s). cV=LzhUr6aV+dHgU4UDzjHnFY.0;server=akswtt02200001o;cloudType=Consumer;environment=Prod_southindia_prod-s01-004-apac-southindia;migrationStage=NotStarted Some updates remain.}
{"logTime": "1115/192956", "correlationVector":"LIRCnTdCxKzohtIhCh6cdF","action":"Normal GetUpdate request", "result":"", "context":cV=LIRCnTdCxKzohtIhCh6cdF
Nudged types: Sessions, Device Info, History, Edge Hub App Usage
Refresh requested types: Bookmarks, Preferences, Passwords, Autofill Profiles, Autofill, Extensions, Sessions, Extension settings, History Delete Directives, Device Info, User Consents, Send Tab To Self, Web Apps, History, Saved Tab Group, WebAuthn Credentials, Collection, Edge E Drop, Edge Hub App Usage, Edge Wallet, Encryption Keys}
{"logTime": "1115/192957", "correlationVector":"LIRCnTdCxKzohtIhCh6cdF.1","action":"SyncServerConnectionManagerRequest", "result":"SYNC_SERVER_OK", "context":{"environment":"Prod_southindia_prod-s01-004-apac-southindia", "migrationStage":"NotStarted", "server":"akswtt022000002"}}
{"logTime": "1115/192957", "correlationVector":"LIRCnTdCxKzohtIhCh6cdF.2","action":"ProcessGetUpdates", "result":"Done", "context":{"dataType":"History", "deleted":"0", "process_failed_to_decrypt":"0", "process_pending_decryption":"0", "process_success":"250", "total":"250"}}
{"logTime": "1115/192957", "correlationVector":"LIRCnTdCxKzohtIhCh6cdF.3","action":"GetUpdates Response", "result":"Success", "context":Received 250 update(s). cV=LIRCnTdCxKzohtIhCh6cdF.0;server=akswtt022000002;cloudType=Consumer;environment=Prod_southindia_prod-s01-004-apac-southindia;migrationStage=NotStarted Some updates remain.}
{"logTime": "1115/192957", "correlationVector":"XGbZipeAnyRtrt8RnCFwwJ","action":"Normal GetUpdate request", "result":"", "context":cV=XGbZipeAnyRtrt8RnCFwwJ
Nudged types: Sessions, Device Info, History, Edge Hub App Usage
Refresh requested types: Bookmarks, Preferences, Passwords, Autofill Profiles, Autofill, Extensions, Sessions, Extension settings, History Delete Directives, Device Info, User Consents, Send Tab To Self, Web Apps, History, Saved Tab Group, WebAuthn Credentials, Collection, Edge E Drop, Edge Hub App Usage, Edge Wallet, Encryption Keys}
{"logTime": "1115/192958", "correlationVector":"XGbZipeAnyRtrt8RnCFwwJ.1","action":"SyncServerConnectionManagerRequest", "result":"SYNC_SERVER_OK", "context":{"environment":"Prod_southindia_prod-s01-004-apac-southindia", "migrationStage":"NotStarted", "server":"akswtt022000001"}}
{"logTime": "1115/192958", "correlationVector":"XGbZipeAnyRtrt8RnCFwwJ.2","action":"ProcessGetUpdates", "result":"Done", "context":{"dataType":"Bookmarks", "deleted":"0", "process_failed_to_decrypt":"0", "process_pending_decryption":"0", "process_success":"1", "total":"1"}}
{"logTime": "1115/192958", "correlationVector":"XGbZipeAnyRtrt8RnCFwwJ.3","action":"ProcessGetUpdates", "result":"Done", "context":{"dataType":"Sessions", "deleted":"10", "process_failed_to_decrypt":"0", "process_pending_decryption":"0", "process_success":"10", "total":"10"}}
{"logTime": "1115/192958", "correlationVector":"XGbZipeAnyRtrt8RnCFwwJ.4","action":"ProcessGetUpdates", "result":"Done", "context":{"dataType":"History", "deleted":"0", "process_failed_to_decrypt":"0", "process_pending_decryption":"0", "process_success":"250", "total":"250"}}
{"logTime": "1115/192958", "correlationVector":"XGbZipeAnyRtrt8RnCFwwJ.5","action":"GetUpdates Response", "result":"Success", "context":Received 261 update(s). cV=XGbZipeAnyRtrt8RnCFwwJ.0;server=akswtt022000001;cloudType=Consumer;environment=Prod_southindia_prod-s01-004-apac-southindia;migrationStage=NotStarted Some updates remain.}
{"logTime": "1115/192958", "correlationVector":"L5Ok68mM4omF4D/crhMNJS","action":"Normal GetUpdate request", "result":"", "context":cV=L5Ok68mM4omF4D/crhMNJS
Nudged types: Sessions, Device Info, History, Edge Hub App Usage
Refresh requested types: Bookmarks, Preferences, Passwords, Autofill Profiles, Autofill, Extensions, Sessions, Extension settings, History Delete Directives, Device Info, User Consents, Send Tab To Self, Web Apps, History, Saved Tab Group, WebAuthn Credentials, Collection, Edge E Drop, Edge Hub App Usage, Edge Wallet, Encryption Keys}
{"logTime": "1115/192958", "correlationVector":"L5Ok68mM4omF4D/crhMNJS.1","action":"SyncServerConnectionManagerRequest", "result":"SYNC_SERVER_OK", "context":{"environment":"Prod_southindia_prod-s01-004-apac-southindia", "migrationStage":"NotStarted", "server":"akswtt02200000p"}}
{"logTime": "1115/192958", "correlationVector":"L5Ok68mM4omF4D/crhMNJS.2","action":"ProcessGetUpdates", "result":"Done", "context":{"dataType":"Sessions", "deleted":"3", "process_failed_to_decrypt":"0", "process_pending_decryption":"0", "process_success":"3", "total":"3"}}
{"logTime": "1115/192958", "correlationVector":"L5Ok68mM4omF4D/crhMNJS.3","action":"ProcessGetUpdates", "result":"Done", "context":{"dataType":"History", "deleted":"0", "process_failed_to_decrypt":"0", "process_pending_decryption":"0", "process_success":"250", "total":"250"}}
{"logTime": "1115/192958", "correlationVector":"L5Ok68mM4omF4D/crhMNJS.4","action":"ProcessGetUpdates", "result":"Done", "context":{"dataType":"Edge Hub App Usage", "deleted":"3", "process_failed_to_decrypt":"0", "process_pending_decryption":"0", "process_success":"6", "total":"6"}}
{"logTime": "1115/192958", "correlationVector":"L5Ok68mM4omF4D/crhMNJS.5","action":"GetUpdates Response", "result":"Success", "context":Received 259 update(s). cV=L5Ok68mM4omF4D/crhMNJS.0;server=akswtt02200000p;cloudType=Consumer;environment=Prod_southindia_prod-s01-004-apac-southindia;migrationStage=NotStarted Some updates remain.}
{"logTime": "1115/192958", "correlationVector":"Lk0wrJgE8NOYpn2Id4mVER","action":"Normal GetUpdate request", "result":"", "context":cV=Lk0wrJgE8NOYpn2Id4mVER
Nudged types: Sessions, Device Info, History, Edge Hub App Usage
Refresh requested types: Bookmarks, Preferences, Passwords, Autofill Profiles, Autofill, Extensions, Sessions, Extension settings, History Delete Directives, Device Info, User Consents, Send Tab To Self, Web Apps, History, Saved Tab Group, WebAuthn Credentials, Collection, Edge E Drop, Edge Hub App Usage, Edge Wallet, Encryption Keys}
{"logTime": "1115/192959", "correlationVector":"Lk0wrJgE8NOYpn2Id4mVER.1","action":"SyncServerConnectionManagerRequest", "result":"SYNC_SERVER_OK", "context":{"environment":"Prod_southindia_prod-s01-004-apac-southindia", "migrationStage":"NotStarted", "server":"akswtt02200001b"}}
{"logTime": "1115/192959", "correlationVector":"Lk0wrJgE8NOYpn2Id4mVER.2","action":"ProcessGetUpdates", "result":"Done", "context":{"dataType":"Sessions", "deleted":"3", "process_failed_to_decrypt":"0", "process_pending_decryption":"0", "process_success":"3", "total":"3"}}
{"logTime": "1115/192959", "correlationVector":"Lk0wrJgE8NOYpn2Id4mVER.3","action":"ProcessGetUpdates", "result":"Done", "context":{"dataType":"History", "deleted":"0", "process_failed_to_decrypt":"0", "process_pending_decryption":"0", "process_success":"250", "total":"250"}}
{"logTime": "1115/192959", "correlationVector":"Lk0wrJgE8NOYpn2Id4mVER.4","action":"GetUpdates Response", "result":"Success", "context":Received 253 update(s). cV=Lk0wrJgE8NOYpn2Id4mVER.0;server=akswtt02200001b;cloudType=Consumer;environment=Prod_southindia_prod-s01-004-apac-southindia;migrationStage=NotStarted Some updates remain.}
{"logTime": "1115/192959", "correlationVector":"glfh1uSIU71xdSHxGmH3GK","action":"Normal GetUpdate request", "result":"", "context":cV=glfh1uSIU71xdSHxGmH3GK
Nudged types: Sessions, Device Info, History, Edge Hub App Usage
Refresh requested types: Bookmarks, Preferences, Passwords, Autofill Profiles, Autofill, Extensions, Sessions, Extension settings, History Delete Directives, Device Info, User Consents, Send Tab To Self, Web Apps, History, Saved Tab Group, WebAuthn Credentials, Collection, Edge E Drop, Edge Hub App Usage, Edge Wallet, Encryption Keys}
{"logTime": "1115/193000", "correlationVector":"glfh1uSIU71xdSHxGmH3GK.1","action":"SyncServerConnectionManagerRequest", "result":"SYNC_SERVER_OK", "context":{"environment":"Prod_southindia_prod-s01-004-apac-southindia", "migrationStage":"NotStarted", "server":"akswtt02200000p"}}
{"logTime": "1115/193000", "correlationVector":"glfh1uSIU71xdSHxGmH3GK.2","action":"ProcessGetUpdates", "result":"Done", "context":{"dataType":"Sessions", "deleted":"3", "process_failed_to_decrypt":"0", "process_pending_decryption":"0", "process_success":"3", "total":"3"}}
{"logTime": "1115/193000", "correlationVector":"glfh1uSIU71xdSHxGmH3GK.3","action":"ProcessGetUpdates", "result":"Done", "context":{"dataType":"History", "deleted":"0", "process_failed_to_decrypt":"0", "process_pending_decryption":"0", "process_success":"250", "total":"250"}}
{"logTime": "1115/193000", "correlationVector":"glfh1uSIU71xdSHxGmH3GK.4","action":"GetUpdates Response", "result":"Success", "context":Received 253 update(s). cV=glfh1uSIU71xdSHxGmH3GK.0;server=akswtt02200000p;cloudType=Consumer;environment=Prod_southindia_prod-s01-004-apac-southindia;migrationStage=NotStarted Some updates remain.}
{"logTime": "1115/193000", "correlationVector":"s2kadYXLPxUNpqDVl0s2N+","action":"Normal GetUpdate request", "result":"", "context":cV=s2kadYXLPxUNpqDVl0s2N+
Nudged types: Sessions, Device Info, History, Edge Hub App Usage
Refresh requested types: Bookmarks, Preferences, Passwords, Autofill Profiles, Autofill, Extensions, Sessions, Extension settings, History Delete Directives, Device Info, User Consents, Send Tab To Self, Web Apps, History, Saved Tab Group, WebAuthn Credentials, Collection, Edge E Drop, Edge Hub App Usage, Edge Wallet, Encryption Keys}
{"logTime": "1115/193001", "correlationVector":"s2kadYXLPxUNpqDVl0s2N+.1","action":"SyncServerConnectionManagerRequest", "result":"SYNC_SERVER_OK", "context":{"environment":"Prod_southindia_prod-s01-004-apac-southindia", "migrationStage":"NotStarted", "server":"akswtt02200001b"}}
{"logTime": "1115/193001", "correlationVector":"s2kadYXLPxUNpqDVl0s2N+.2","action":"ProcessGetUpdates", "result":"Done", "context":{"dataType":"Sessions", "deleted":"13", "process_failed_to_decrypt":"0", "process_pending_decryption":"0", "process_success":"13", "total":"13"}}
{"logTime": "1115/193001", "correlationVector":"s2kadYXLPxUNpqDVl0s2N+.3","action":"ProcessGetUpdates", "result":"Done", "context":{"dataType":"History", "deleted":"0", "process_failed_to_decrypt":"0", "process_pending_decryption":"0", "process_success":"250", "total":"250"}}
{"logTime": "1115/193001", "correlationVector":"s2kadYXLPxUNpqDVl0s2N+.4","action":"GetUpdates Response", "result":"Success", "context":Received 263 update(s). cV=s2kadYXLPxUNpqDVl0s2N+.0;server=akswtt02200001b;cloudType=Consumer;environment=Prod_southindia_prod-s01-004-apac-southindia;migrationStage=NotStarted Some updates remain.}
{"logTime": "1115/193001", "correlationVector":"WdwcNls/rksRrGvEVQBkhV","action":"Normal GetUpdate request", "result":"", "context":cV=WdwcNls/rksRrGvEVQBkhV
Nudged types: Sessions, Device Info, History, Edge Hub App Usage
Refresh requested types: Bookmarks, Preferences, Passwords, Autofill Profiles, Autofill, Extensions, Sessions, Extension settings, History Delete Directives, Device Info, User Consents, Send Tab To Self, Web Apps, History, Saved Tab Group, WebAuthn Credentials, Collection, Edge E Drop, Edge Hub App Usage, Edge Wallet, Encryption Keys}
{"logTime": "1115/193002", "correlationVector":"WdwcNls/rksRrGvEVQBkhV.1","action":"SyncServerConnectionManagerRequest", "result":"SYNC_SERVER_OK", "context":{"environment":"Prod_southindia_prod-s01-004-apac-southindia", "migrationStage":"NotStarted", "server":"akswtt022000021"}}
{"logTime": "1115/193002", "correlationVector":"WdwcNls/rksRrGvEVQBkhV.2","action":"ProcessGetUpdates", "result":"Done", "context":{"dataType":"Sessions", "deleted":"1", "process_failed_to_decrypt":"0", "process_pending_decryption":"0", "process_success":"1", "total":"1"}}
{"logTime": "1115/193002", "correlationVector":"WdwcNls/rksRrGvEVQBkhV.3","action":"ProcessGetUpdates", "result":"Done", "context":{"dataType":"History", "deleted":"0", "process_failed_to_decrypt":"0", "process_pending_decryption":"0", "process_success":"250", "total":"250"}}
{"logTime": "1115/193002", "correlationVector":"WdwcNls/rksRrGvEVQBkhV.4","action":"ProcessGetUpdates", "result":"Done", "context":{"dataType":"Edge Hub App Usage", "deleted":"0", "process_failed_to_decrypt":"0", "process_pending_decryption":"0", "process_success":"5", "total":"5"}}
{"logTime": "1115/193002", "correlationVector":"WdwcNls/rksRrGvEVQBkhV.5","action":"GetUpdates Response", "result":"Success", "context":Received 256 update(s). cV=WdwcNls/rksRrGvEVQBkhV.0;server=akswtt022000021;cloudType=Consumer;environment=Prod_southindia_prod-s01-004-apac-southindia;migrationStage=NotStarted Some updates remain.}
{"logTime": "1115/193002", "correlationVector":"QhiG/1jr08OWHhHejsQIOT","action":"Normal GetUpdate request", "result":"", "context":cV=QhiG/1jr08OWHhHejsQIOT
Nudged types: Sessions, Device Info, History, Edge Hub App Usage
Refresh requested types: Bookmarks, Preferences, Passwords, Autofill Profiles, Autofill, Extensions, Sessions, Extension settings, History Delete Directives, Device Info, User Consents, Send Tab To Self, Web Apps, History, Saved Tab Group, WebAuthn Credentials, Collection, Edge E Drop, Edge Hub App Usage, Edge Wallet, Encryption Keys}
{"logTime": "1115/193002", "correlationVector":"QhiG/1jr08OWHhHejsQIOT.1","action":"SyncServerConnectionManagerRequest", "result":"SYNC_SERVER_OK", "context":{"environment":"Prod_southindia_prod-s01-004-apac-southindia", "migrationStage":"NotStarted", "server":"akswtt02200001b"}}
{"logTime": "1115/193002", "correlationVector":"QhiG/1jr08OWHhHejsQIOT.2","action":"ProcessGetUpdates", "result":"Done", "context":{"dataType":"Preferences", "deleted":"0", "process_failed_to_decrypt":"0", "process_pending_decryption":"0", "process_success":"2", "total":"2"}}
{"logTime": "1115/193002", "correlationVector":"QhiG/1jr08OWHhHejsQIOT.3","action":"ProcessGetUpdates", "result":"Done", "context":{"dataType":"Sessions", "deleted":"2", "process_failed_to_decrypt":"0", "process_pending_decryption":"0", "process_success":"2", "total":"2"}}
{"logTime": "1115/193002", "correlationVector":"QhiG/1jr08OWHhHejsQIOT.4","action":"ProcessGetUpdates", "result":"Done", "context":{"dataType":"History", "deleted":"0", "process_failed_to_decrypt":"0", "process_pending_decryption":"0", "process_success":"250", "total":"250"}}
{"logTime": "1115/193002", "correlationVector":"QhiG/1jr08OWHhHejsQIOT.5","action":"GetUpdates Response", "result":"Success", "context":Received 254 update(s). cV=QhiG/1jr08OWHhHejsQIOT.0;server=akswtt02200001b;cloudType=Consumer;environment=Prod_southindia_prod-s01-004-apac-southindia;migrationStage=NotStarted Some updates remain.}
{"logTime": "1115/193002", "correlationVector":"0PEXxHJ6KhsMXXuMSV1Xa+","action":"Normal GetUpdate request", "result":"", "context":cV=0PEXxHJ6KhsMXXuMSV1Xa+
Nudged types: Sessions, Device Info, History, Edge Hub App Usage
Refresh requested types: Bookmarks, Preferences, Passwords, Autofill Profiles, Autofill, Extensions, Sessions, Extension settings, History Delete Directives, Device Info, User Consents, Send Tab To Self, Web Apps, History, Saved Tab Group, WebAuthn Credentials, Collection, Edge E Drop, Edge Hub App Usage, Edge Wallet, Encryption Keys}
{"logTime": "1115/193003", "correlationVector":"0PEXxHJ6KhsMXXuMSV1Xa+.1","action":"SyncServerConnectionManagerRequest", "result":"SYNC_SERVER_OK", "context":{"environment":"Prod_southindia_prod-s01-004-apac-southindia", "migrationStage":"NotStarted", "server":"akswtt022000001"}}
{"logTime": "1115/193003", "correlationVector":"0PEXxHJ6KhsMXXuMSV1Xa+.2","action":"ProcessGetUpdates", "result":"Done", "context":{"dataType":"Preferences", "deleted":"0", "process_failed_to_decrypt":"0", "process_pending_decryption":"0", "process_success":"1", "total":"1"}}
{"logTime": "1115/193003", "correlationVector":"0PEXxHJ6KhsMXXuMSV1Xa+.3","action":"ProcessGetUpdates", "result":"Done", "context":{"dataType":"Extensions", "deleted":"0", "process_failed_to_decrypt":"0", "process_pending_decryption":"0", "process_success":"1", "total":"1"}}
{"logTime": "1115/193003", "correlationVector":"0PEXxHJ6KhsMXXuMSV1Xa+.4","action":"ProcessGetUpdates", "result":"Done", "context":{"dataType":"Sessions", "deleted":"2", "process_failed_to_decrypt":"0", "process_pending_decryption":"0", "process_success":"2", "total":"2"}}
{"logTime": "1115/193003", "correlationVector":"0PEXxHJ6KhsMXXuMSV1Xa+.5","action":"ProcessGetUpdates", "result":"Done", "context":{"dataType":"History", "deleted":"0", "process_failed_to_decrypt":"0", "process_pending_decryption":"0", "process_success":"250", "total":"250"}}
{"logTime": "1115/193003", "correlationVector":"0PEXxHJ6KhsMXXuMSV1Xa+.6","action":"GetUpdates Response", "result":"Success", "context":Received 254 update(s). cV=0PEXxHJ6KhsMXXuMSV1Xa+.0;server=akswtt022000001;cloudType=Consumer;environment=Prod_southindia_prod-s01-004-apac-southindia;migrationStage=NotStarted Some updates remain.}
{"logTime": "1115/193003", "correlationVector":"cL/ixtdSTmsSWxV/g/3QUa","action":"Normal GetUpdate request", "result":"", "context":cV=cL/ixtdSTmsSWxV/g/3QUa
Nudged types: Sessions, Device Info, History, Edge Hub App Usage
Refresh requested types: Bookmarks, Preferences, Passwords, Autofill Profiles, Autofill, Extensions, Sessions, Extension settings, History Delete Directives, Device Info, User Consents, Send Tab To Self, Web Apps, History, Saved Tab Group, WebAuthn Credentials, Collection, Edge E Drop, Edge Hub App Usage, Edge Wallet, Encryption Keys}
{"logTime": "1115/193004", "correlationVector":"cL/ixtdSTmsSWxV/g/3QUa.1","action":"SyncServerConnectionManagerRequest", "result":"SYNC_SERVER_OK", "context":{"environment":"Prod_southindia_prod-s01-004-apac-southindia", "migrationStage":"NotStarted", "server":"akswtt02200001a"}}
{"logTime": "1115/193004", "correlationVector":"cL/ixtdSTmsSWxV/g/3QUa.2","action":"ProcessGetUpdates", "result":"Done", "context":{"dataType":"Bookmarks", "deleted":"0", "process_failed_to_decrypt":"0", "process_pending_decryption":"0", "process_success":"3", "total":"3"}}
{"logTime": "1115/193004", "correlationVector":"cL/ixtdSTmsSWxV/g/3QUa.3","action":"ProcessGetUpdates", "result":"Done", "context":{"dataType":"Preferences", "deleted":"0", "process_failed_to_decrypt":"0", "process_pending_decryption":"0", "process_success":"1", "total":"1"}}
{"logTime": "1115/193004", "correlationVector":"cL/ixtdSTmsSWxV/g/3QUa.4","action":"ProcessGetUpdates", "result":"Done", "context":{"dataType":"Sessions", "deleted":"15", "process_failed_to_decrypt":"0", "process_pending_decryption":"0", "process_success":"15", "total":"15"}}
{"logTime": "1115/193004", "correlationVector":"cL/ixtdSTmsSWxV/g/3QUa.5","action":"ProcessGetUpdates", "result":"Done", "context":{"dataType":"History", "deleted":"0", "process_failed_to_decrypt":"0", "process_pending_decryption":"0", "process_success":"250", "total":"250"}}
{"logTime": "1115/193004", "correlationVector":"cL/ixtdSTmsSWxV/g/3QUa.6","action":"GetUpdates Response", "result":"Success", "context":Received 269 update(s). cV=cL/ixtdSTmsSWxV/g/3QUa.0;server=akswtt02200001a;cloudType=Consumer;environment=Prod_southindia_prod-s01-004-apac-southindia;migrationStage=NotStarted Some updates remain.}
{"logTime": "1115/193004", "correlationVector":"P0a43LHnq9biwwcET7CWWZ","action":"Normal GetUpdate request", "result":"", "context":cV=P0a43LHnq9biwwcET7CWWZ
Nudged types: Sessions, Device Info, History, Edge Hub App Usage
Refresh requested types: Bookmarks, Preferences, Passwords, Autofill Profiles, Autofill, Extensions, Sessions, Extension settings, History Delete Directives, Device Info, User Consents, Send Tab To Self, Web Apps, History, Saved Tab Group, WebAuthn Credentials, Collection, Edge E Drop, Edge Hub App Usage, Edge Wallet, Encryption Keys}
{"logTime": "1115/193004", "correlationVector":"P0a43LHnq9biwwcET7CWWZ.1","action":"SyncServerConnectionManagerRequest", "result":"SYNC_SERVER_OK", "context":{"environment":"Prod_southindia_prod-s01-004-apac-southindia", "migrationStage":"NotStarted", "server":"akswtt02200001b"}}
{"logTime": "1115/193004", "correlationVector":"P0a43LHnq9biwwcET7CWWZ.2","action":"ProcessGetUpdates", "result":"Done", "context":{"dataType":"Preferences", "deleted":"0", "process_failed_to_decrypt":"0", "process_pending_decryption":"0", "process_success":"2", "total":"2"}}
{"logTime": "1115/193004", "correlationVector":"P0a43LHnq9biwwcET7CWWZ.3","action":"ProcessGetUpdates", "result":"Done", "context":{"dataType":"Sessions", "deleted":"4", "process_failed_to_decrypt":"0", "process_pending_decryption":"0", "process_success":"6", "total":"6"}}
{"logTime": "1115/193004", "correlationVector":"P0a43LHnq9biwwcET7CWWZ.4","action":"ProcessGetUpdates", "result":"Done", "context":{"dataType":"Device Info", "deleted":"0", "process_failed_to_decrypt":"0", "process_pending_decryption":"0", "process_success":"1", "total":"1"}}
{"logTime": "1115/193004", "correlationVector":"P0a43LHnq9biwwcET7CWWZ.5","action":"ProcessGetUpdates", "result":"Done", "context":{"dataType":"History", "deleted":"0", "process_failed_to_decrypt":"0", "process_pending_decryption":"0", "process_success":"168", "total":"168"}}
{"logTime": "1115/193004", "correlationVector":"P0a43LHnq9biwwcET7CWWZ.6","action":"GetUpdates Response", "result":"Success", "context":Received 177 update(s). cV=P0a43LHnq9biwwcET7CWWZ.0;server=akswtt02200001b;cloudType=Consumer;environment=Prod_southindia_prod-s01-004-apac-southindia;migrationStage=NotStarted}
{"logTime": "1115/193004", "correlationVector":"42z0wKJZdch0ljrflUuxZy","action":"Commit Request", "result":"", "context":Item count: 23
Contributing types: Sessions, Device Info, History, Edge Hub App Usage}
{"logTime": "1115/193006", "correlationVector":"42z0wKJZdch0ljrflUuxZy.1","action":"SyncServerConnectionManagerRequest", "result":"SYNC_SERVER_OK", "context":{"environment":"Prod_southindia_prod-s01-004-apac-southindia", "migrationStage":"NotStarted", "server":"akswtt02200000p"}}
{"logTime": "1115/193006", "correlationVector":"42z0wKJZdch0ljrflUuxZy.3","action":"Commit.Sessions", "result":"Success", "context":{"id":"e0ee78ef-41fe-4e82-be3c-f6cbbf506203", "isDeleted":"true", "size":"0", "version":"1753537722678"}}
{"logTime": "1115/193006", "correlationVector":"42z0wKJZdch0ljrflUuxZy.4","action":"Commit.Edge Hub App Usage", "result":"Success", "context":{"id":"67e3ae99-16e5-4940-bc02-c6e68ac774b7", "isDeleted":"true", "size":"0", "version":"1746969865659"}}
{"logTime": "1115/193006", "correlationVector":"42z0wKJZdch0ljrflUuxZy.5","action":"Commit.Edge Hub App Usage", "result":"Success", "context":{"id":"17d26db6-6ed8-4937-8616-2742e97802bf", "isDeleted":"true", "size":"0", "version":"1747308324900"}}
{"logTime": "1115/193006", "correlationVector":"42z0wKJZdch0ljrflUuxZy.6","action":"Commit.Edge Hub App Usage", "result":"Success", "context":{"id":"f312c3f5-054f-4ffc-816f-eb8ae99e922c", "isDeleted":"true", "size":"0", "version":"1746969848964"}}
{"logTime": "1115/193006", "correlationVector":"42z0wKJZdch0ljrflUuxZy.7","action":"Commit.Edge Hub App Usage", "result":"Success", "context":{"id":"4123b108-0704-44e2-8c89-d504679dac89", "isDeleted":"true", "size":"0", "version":"1750314324488"}}
{"logTime": "1115/193006", "correlationVector":"42z0wKJZdch0ljrflUuxZy.8","action":"Commit.Edge Hub App Usage", "result":"Success", "context":{"id":"0198281a-5029-42fa-b190-65afdef5de56", "isDeleted":"true", "size":"0", "version":"1746969865660"}}
{"logTime": "1115/193006", "correlationVector":"42z0wKJZdch0ljrflUuxZy.9","action":"Commit.Edge Hub App Usage", "result":"Success", "context":{"id":"f77aea79-862e-4996-9885-ab8c7f10626c", "isDeleted":"true", "size":"0", "version":"1747308721135"}}
{"logTime": "1115/193006", "correlationVector":"42z0wKJZdch0ljrflUuxZy.10","action":"Commit.Edge Hub App Usage", "result":"Success", "context":{"id":"6879b693-9abd-4e05-9362-dd7636c3208e", "isDeleted":"true", "size":"0", "version":"1749734224949"}}
{"logTime": "1115/193006", "correlationVector":"42z0wKJZdch0ljrflUuxZy.11","action":"Commit.Edge Hub App Usage", "result":"Success", "context":{"id":"25b4ba5d-f765-4195-b429-9f3da12e20ee", "isDeleted":"true", "size":"0", "version":"1749734753112"}}
{"logTime": "1115/193006", "correlationVector":"42z0wKJZdch0ljrflUuxZy.12","action":"Commit.Edge Hub App Usage", "result":"Success", "context":{"id":"77d0a829-0ff7-4e01-80c2-275b848ec0fa", "isDeleted":"true", "size":"0", "version":"1747308721134"}}
{"logTime": "1115/193006", "correlationVector":"42z0wKJZdch0ljrflUuxZy.13","action":"Commit.Edge Hub App Usage", "result":"Success", "context":{"id":"5513619f-8362-4d47-b4f5-8b72dc45e4f7", "isDeleted":"true", "size":"0", "version":"1749734164957"}}
{"logTime": "1115/193006", "correlationVector":"42z0wKJZdch0ljrflUuxZy.14","action":"Commit.Edge Hub App Usage", "result":"Success", "context":{"id":"74fedd32-eca9-49ae-9e49-773ab3962ee7", "isDeleted":"true", "size":"0", "version":"1746969865658"}}
{"logTime": "1115/193006", "correlationVector":"42z0wKJZdch0ljrflUuxZy.15","action":"Commit.Edge Hub App Usage", "result":"Success", "context":{"id":"c85234ac-6ee4-4770-8ef8-2176480d0d5f", "isDeleted":"true", "size":"0", "version":"1749734261081"}}
{"logTime": "1115/193006", "correlationVector":"42z0wKJZdch0ljrflUuxZy.16","action":"Commit.Edge Hub App Usage", "result":"Success", "context":{"id":"129e02b1-1a2d-408c-b07a-16a8fe341bd4", "isDeleted":"true", "size":"0", "version":"1746971725579"}}
{"logTime": "1115/193006", "correlationVector":"42z0wKJZdch0ljrflUuxZy.17","action":"Commit.Edge Hub App Usage", "result":"Success", "context":{"id":"c58dbad3-6bd6-47d9-9817-f1c8862ac625", "isDeleted":"true", "size":"0", "version":"1746085139481"}}
{"logTime": "1115/193006", "correlationVector":"42z0wKJZdch0ljrflUuxZy.18","action":"Commit.Edge Hub App Usage", "result":"Success", "context":{"id":"e332f111-0d45-4493-af49-9e57e0830be3", "isDeleted":"true", "size":"0", "version":"1749734525696"}}
{"logTime": "1115/193006", "correlationVector":"42z0wKJZdch0ljrflUuxZy.2","action":"Commit Response", "result":"Success", "context":Result: Success. cV=42z0wKJZdch0ljrflUuxZy.0;server=akswtt02200000p;cloudType=Consumer;environment=Prod_southindia_prod-s01-004-apac-southindia;migrationStage=NotStarted}
{"logTime": "1115/193006", "correlationVector":"Tc5Gn32sriSgrJ9/Cxi9Lm","action":"Poll GetUpdate request", "result":"", "context":cV=Tc5Gn32sriSgrJ9/Cxi9Lm}
{"logTime": "1115/193006", "correlationVector":"Tc5Gn32sriSgrJ9/Cxi9Lm.1","action":"SyncServerConnectionManagerRequest", "result":"SYNC_SERVER_OK", "context":{"environment":"Prod_southindia_prod-s01-004-apac-southindia", "migrationStage":"NotStarted", "server":"akswtt022000021"}}
{"logTime": "1115/193006", "correlationVector":"Tc5Gn32sriSgrJ9/Cxi9Lm.2","action":"ProcessGetUpdates", "result":"Done", "context":{"dataType":"Sessions", "deleted":"1", "process_failed_to_decrypt":"0", "process_pending_decryption":"0", "process_success":"3", "total":"3"}}
{"logTime": "1115/193006", "correlationVector":"Tc5Gn32sriSgrJ9/Cxi9Lm.3","action":"ProcessGetUpdates", "result":"Done", "context":{"dataType":"Device Info", "deleted":"0", "process_failed_to_decrypt":"0", "process_pending_decryption":"0", "process_success":"1", "total":"1"}}
{"logTime": "1115/193006", "correlationVector":"Tc5Gn32sriSgrJ9/Cxi9Lm.4","action":"ProcessGetUpdates", "result":"Done", "context":{"dataType":"History", "deleted":"0", "process_failed_to_decrypt":"0", "process_pending_decryption":"0", "process_success":"4", "total":"4"}}
{"logTime": "1115/193006", "correlationVector":"Tc5Gn32sriSgrJ9/Cxi9Lm.5","action":"ProcessGetUpdates", "result":"Done", "context":{"dataType":"Edge Hub App Usage", "deleted":"15", "process_failed_to_decrypt":"0", "process_pending_decryption":"0", "process_success":"15", "total":"15"}}
{"logTime": "1115/193006", "correlationVector":"Tc5Gn32sriSgrJ9/Cxi9Lm.6","action":"GetUpdates Response", "result":"Success", "context":Received 23 update(s). cV=Tc5Gn32sriSgrJ9/Cxi9Lm.0;server=akswtt022000021;cloudType=Consumer;environment=Prod_southindia_prod-s01-004-apac-southindia;migrationStage=NotStarted}
{"logTime": "1115/193007", "correlationVector":"JandKKYpZvtHv+w9GafwBH","action":"DoCompareDataConsistency requsted types: ", "result":"Bookmarks, Preferences, Passwords, Extensions, Extension settings, History Delete Directives, Send Tab To Self, Web Apps, History, Saved Tab Group, WebAuthn Credentials, Collection, Edge E Drop, Edge Wallet, Encryption Keys"}
{"logTime": "1115/193007", "correlationVector":"JandKKYpZvtHv+w9GafwBH.0","action":"CompareDataConsistency result: ", "result":"Compare result: Encryption Keys is consistent. local entities count is: 1 local entities hash is: 91WWZKny92fN4Z8JJCoLada0G6A="}
{"logTime": "1115/193007", "correlationVector":"JandKKYpZvtHv+w9GafwBH.1","action":"CompareDataConsistency result: ", "result":"Compare result: Bookmarks is consistent. local entities count is: 31 local entities hash is: y8HG8PX6hEMWwBtoXW8RZpCa4Dc="}
{"logTime": "1115/193007", "correlationVector":"JandKKYpZvtHv+w9GafwBH.2","action":"CompareDataConsistency result: ", "result":"Compare result: Preferences is consistent. local entities count is: 101 local entities hash is: QDdxjxOaTOgPey9d+nISyEzAEdg="}
{"logTime": "1115/193007", "correlationVector":"JandKKYpZvtHv+w9GafwBH.3","action":"CompareDataConsistency result: ", "result":"Compare result: Extensions is consistent. local entities count is: 2 local entities hash is: AtmQxrQDGoW9opR0jdNsa225XIc="}
{"logTime": "1115/193007", "correlationVector":"JandKKYpZvtHv+w9GafwBH.4","action":"CompareDataConsistency result: ", "result":"Compare result: Extension settings is consistent. local entities count is: 5 local entities hash is: cD0jCXAnaGOLkAchrCJuBlrgoGA="}
{"logTime": "1115/193007", "correlationVector":"JandKKYpZvtHv+w9GafwBH.5","action":"CompareDataConsistency result: ", "result":"Compare result: History Delete Directives is consistent. local entities count is: 0 local entities hash is: "}
{"logTime": "1115/193007", "correlationVector":"JandKKYpZvtHv+w9GafwBH.6","action":"CompareDataConsistency result: ", "result":"Server did not send this Send Tab To Self local entities count is: 0 local entities hash is: "}
{"logTime": "1115/193007", "correlationVector":"JandKKYpZvtHv+w9GafwBH.7","action":"CompareDataConsistency result: ", "result":"Compare result: Web Apps is consistent. local entities count is: 0 local entities hash is: "}
{"logTime": "1115/193007", "correlationVector":"JandKKYpZvtHv+w9GafwBH.8","action":"CompareDataConsistency result: ", "result":"Server did not send this History local entities count is: 0 local entities hash is: "}
{"logTime": "1115/193007", "correlationVector":"JandKKYpZvtHv+w9GafwBH.9","action":"CompareDataConsistency result: ", "result":"Compare result: Saved Tab Group is consistent. local entities count is: 0 local entities hash is: "}
{"logTime": "1115/193007", "correlationVector":"JandKKYpZvtHv+w9GafwBH.10","action":"CompareDataConsistency result: ", "result":"Server did not send this WebAuthn Credentials local entities count is: 0 local entities hash is: "}
{"logTime": "1115/193007", "correlationVector":"JandKKYpZvtHv+w9GafwBH.11","action":"CompareDataConsistency result: ", "result":"Compare result: Collection is consistent. local entities count is: 6 local entities hash is: jH8EOiIhWgy7ummgmhQEtG2Fejo="}
{"logTime": "1115/193007", "correlationVector":"JandKKYpZvtHv+w9GafwBH.12","action":"CompareDataConsistency result: ", "result":"Compare result: Edge E Drop is consistent. local entities count is: 0 local entities hash is: "}
{"logTime": "1115/193007", "correlationVector":"JandKKYpZvtHv+w9GafwBH.13","action":"CompareDataConsistency result: ", "result":"Compare result: Edge Wallet is consistent. local entities count is: 0 local entities hash is: "}
{"logTime": "1115/193007", "correlationVector":"JandKKYpZvtHv+w9GafwBH.14","action":"CompareDataConsistency result: ", "result":"Compare result: Passwords is consistent. local entities count is: 95 local entities hash is: 958CIHTi9mKa62qUMeYSBn+TO2A="}
{"logTime": "1115/193007", "correlationVector":"","action":"DIAGNOSTIC_REQUEST|v1/diagnosticData/Diagnostic.SendCheckResult()|SUCCESS", "result":""}
{"logTime": "1115/194519", "correlationVector":"jWDxSay+N0zcxmV2DMl1RC","action":"Commit Request", "result":"", "context":Item count: 1
Contributing types: Sessions}
{"logTime": "1115/194519", "correlationVector":"jWDxSay+N0zcxmV2DMl1RC.1","action":"SyncServerConnectionManagerRequest", "result":"SYNC_SERVER_OK", "context":{"environment":"Prod_southindia_prod-s01-004-apac-southindia", "migrationStage":"NotStarted", "server":"akswtt02200000y"}}
{"logTime": "1115/194519", "correlationVector":"jWDxSay+N0zcxmV2DMl1RC.2","action":"Commit Response", "result":"Success", "context":Result: Success. cV=jWDxSay+N0zcxmV2DMl1RC.0;server=akswtt02200000y;cloudType=Consumer;environment=Prod_southindia_prod-s01-004-apac-southindia;migrationStage=NotStarted}
{"logTime": "1115/194904", "correlationVector":"G1zv9G12dbz4IUZi9+xkVs","action":"Commit Request", "result":"", "context":Item count: 5
Contributing types: Sessions, History}
{"logTime": "1115/194911", "correlationVector":"G1zv9G12dbz4IUZi9+xkVs.1","action":"SyncServerConnectionManagerRequest", "result":"SYNC_SERVER_OK", "context":{"environment":"Prod_southindia_prod-s01-004-apac-southindia", "migrationStage":"NotStarted", "server":"akswtt02200002d"}}
{"logTime": "1115/194911", "correlationVector":"G1zv9G12dbz4IUZi9+xkVs.2","action":"Commit Response", "result":"Success", "context":Result: Success. cV=G1zv9G12dbz4IUZi9+xkVs.0;server=akswtt02200002d;cloudType=Consumer;environment=Prod_southindia_prod-s01-004-apac-southindia;migrationStage=NotStarted}
{"logTime": "1115/200301", "correlationVector":"prbKk+6h4+cWVfkF+aUxh3","action":"Normal GetUpdate request", "result":"", "context":cV=prbKk+6h4+cWVfkF+aUxh3
Notified types: Bookmarks, Preferences, Device Info, History}
{"logTime": "1115/200301", "correlationVector":"prbKk+6h4+cWVfkF+aUxh3.1","action":"SyncServerConnectionManagerRequest", "result":"SYNC_SERVER_OK", "context":{"environment":"Prod_southindia_prod-s01-004-apac-southindia", "migrationStage":"NotStarted", "server":"akswtt022000016"}}
{"logTime": "1115/200301", "correlationVector":"prbKk+6h4+cWVfkF+aUxh3.2","action":"ProcessGetUpdates", "result":"Done", "context":{"dataType":"Bookmarks", "deleted":"0", "process_failed_to_decrypt":"0", "process_pending_decryption":"0", "process_success":"2", "total":"2"}}
{"logTime": "1115/200301", "correlationVector":"prbKk+6h4+cWVfkF+aUxh3.3","action":"ProcessGetUpdates", "result":"Done", "context":{"dataType":"Preferences", "deleted":"0", "process_failed_to_decrypt":"0", "process_pending_decryption":"0", "process_success":"1", "total":"1"}}
{"logTime": "1115/200301", "correlationVector":"prbKk+6h4+cWVfkF+aUxh3.4","action":"ProcessGetUpdates", "result":"Done", "context":{"dataType":"Sessions", "deleted":"1", "process_failed_to_decrypt":"0", "process_pending_decryption":"0", "process_success":"4", "total":"4"}}
{"logTime": "1115/200301", "correlationVector":"prbKk+6h4+cWVfkF+aUxh3.5","action":"ProcessGetUpdates", "result":"Done", "context":{"dataType":"Device Info", "deleted":"0", "process_failed_to_decrypt":"0", "process_pending_decryption":"0", "process_success":"1", "total":"1"}}
{"logTime": "1115/200301", "correlationVector":"prbKk+6h4+cWVfkF+aUxh3.6","action":"ProcessGetUpdates", "result":"Done", "context":{"dataType":"History", "deleted":"0", "process_failed_to_decrypt":"0", "process_pending_decryption":"0", "process_success":"7", "total":"7"}}
{"logTime": "1115/200301", "correlationVector":"prbKk+6h4+cWVfkF+aUxh3.7","action":"GetUpdates Response", "result":"Success", "context":Received 15 update(s). cV=prbKk+6h4+cWVfkF+aUxh3.0;server=akswtt022000016;cloudType=Consumer;environment=Prod_southindia_prod-s01-004-apac-southindia;migrationStage=NotStarted}
{"logTime": "1115/200502", "correlationVector":"IhLkgsktm9TTTdyDN47EeQ","action":"Commit Request", "result":"", "context":Item count: 1
Contributing types: Sessions}
{"logTime": "1115/200502", "correlationVector":"IhLkgsktm9TTTdyDN47EeQ.1","action":"SyncServerConnectionManagerRequest", "result":"SYNC_SERVER_OK", "context":{"environment":"Prod_southindia_prod-s01-004-apac-southindia", "migrationStage":"NotStarted", "server":"akswtt02200001t"}}
{"logTime": "1115/200502", "correlationVector":"IhLkgsktm9TTTdyDN47EeQ.2","action":"Commit Response", "result":"Success", "context":Result: Success. cV=IhLkgsktm9TTTdyDN47EeQ.0;server=akswtt02200001t;cloudType=Consumer;environment=Prod_southindia_prod-s01-004-apac-southindia;migrationStage=NotStarted}
{"logTime": "1115/201404", "correlationVector":"5UU6lYhz5NS6W8N8e/eXin","action":"Normal GetUpdate request", "result":"", "context":cV=5UU6lYhz5NS6W8N8e/eXin
Notified types: Preferences, History}
{"logTime": "1115/201408", "correlationVector":"5UU6lYhz5NS6W8N8e/eXin.1","action":"SyncServerConnectionManagerRequest", "result":"SYNC_SERVER_OK", "context":{"environment":"Prod_southindia_prod-s01-004-apac-southindia", "migrationStage":"NotStarted", "server":"akswtt02200000e"}}
{"logTime": "1115/201408", "correlationVector":"5UU6lYhz5NS6W8N8e/eXin.2","action":"ProcessGetUpdates", "result":"Done", "context":{"dataType":"Preferences", "deleted":"0", "process_failed_to_decrypt":"0", "process_pending_decryption":"0", "process_success":"1", "total":"1"}}
{"logTime": "1115/201408", "correlationVector":"5UU6lYhz5NS6W8N8e/eXin.3","action":"ProcessGetUpdates", "result":"Done", "context":{"dataType":"Sessions", "deleted":"0", "process_failed_to_decrypt":"0", "process_pending_decryption":"0", "process_success":"2", "total":"2"}}
{"logTime": "1115/201408", "correlationVector":"5UU6lYhz5NS6W8N8e/eXin.4","action":"ProcessGetUpdates", "result":"Done", "context":{"dataType":"History", "deleted":"0", "process_failed_to_decrypt":"0", "process_pending_decryption":"0", "process_success":"14", "total":"14"}}
{"logTime": "1115/201408", "correlationVector":"5UU6lYhz5NS6W8N8e/eXin.5","action":"GetUpdates Response", "result":"Success", "context":Received 17 update(s). cV=5UU6lYhz5NS6W8N8e/eXin.0;server=akswtt02200000e;cloudType=Consumer;environment=Prod_southindia_prod-s01-004-apac-southindia;migrationStage=NotStarted}
{"logTime": "1115/201644", "correlationVector":"f2VojrxtNJwg3wXJ9Na9hL","action":"Commit Request", "result":"", "context":Item count: 1
Contributing types: Sessions}
{"logTime": "1115/201645", "correlationVector":"f2VojrxtNJwg3wXJ9Na9hL.1","action":"SyncServerConnectionManagerRequest", "result":"SYNC_SERVER_OK", "context":{"environment":"Prod_southindia_prod-s01-004-apac-southindia", "migrationStage":"NotStarted", "server":"akswtt02200001q"}}
{"logTime": "1115/201645", "correlationVector":"f2VojrxtNJwg3wXJ9Na9hL.2","action":"Commit Response", "result":"Success", "context":Result: Success. cV=f2VojrxtNJwg3wXJ9Na9hL.0;server=akswtt02200001q;cloudType=Consumer;environment=Prod_southindia_prod-s01-004-apac-southindia;migrationStage=NotStarted}
{"logTime": "1115/202633", "correlationVector":"u6nxv8yZXHQemvY1KTj5rE","action":"Commit Request", "result":"", "context":Item count: 3
Contributing types: Sessions, History}
{"logTime": "1115/202633", "correlationVector":"u6nxv8yZXHQemvY1KTj5rE.1","action":"SyncServerConnectionManagerRequest", "result":"SYNC_SERVER_OK", "context":{"environment":"Prod_southindia_prod-s01-004-apac-southindia", "migrationStage":"NotStarted", "server":"akswtt022000021"}}
{"logTime": "1115/202633", "correlationVector":"u6nxv8yZXHQemvY1KTj5rE.2","action":"Commit Response", "result":"Success", "context":Result: Success. cV=u6nxv8yZXHQemvY1KTj5rE.0;server=akswtt022000021;cloudType=Consumer;environment=Prod_southindia_prod-s01-004-apac-southindia;migrationStage=NotStarted}
{"logTime": "1115/203733", "correlationVector":"jUNsoivijxvDnBBz+cFj7p","action":"Commit Request", "result":"", "context":Item count: 1
Contributing types: Sessions}
{"logTime": "1115/203733", "correlationVector":"jUNsoivijxvDnBBz+cFj7p.1","action":"SyncServerConnectionManagerRequest", "result":"SYNC_SERVER_OK", "context":{"environment":"Prod_southindia_prod-s01-004-apac-southindia", "migrationStage":"NotStarted", "server":"akswtt02200001h"}}
{"logTime": "1115/203733", "correlationVector":"jUNsoivijxvDnBBz+cFj7p.2","action":"Commit Response", "result":"Success", "context":Result: Success. cV=jUNsoivijxvDnBBz+cFj7p.0;server=akswtt02200001h;cloudType=Consumer;environment=Prod_southindia_prod-s01-004-apac-southindia;migrationStage=NotStarted}
