2025-07-14 03:46:32.020: [INFO][Sync] Reset engine, reason: 8
2025-07-14 03:46:32.020: [INFO][Sync] Stopped: Bookmarks
2025-07-14 03:46:32.020: [INFO][Sync] Stopped: Preferences
2025-07-14 03:46:32.020: [INFO][Sync] Stopped: Passwords
2025-07-14 03:46:32.020: [INFO][Sync] Stopped: Autofill Profiles
2025-07-14 03:46:32.020: [INFO][Sync] Stopped: Autofill
2025-07-14 03:46:32.020: [INFO][Sync] Stopped: Extensions
2025-07-14 03:46:32.020: [INFO][Sync] Stopped: Sessions
2025-07-14 03:46:32.020: [INFO][Sync] Stopped: Extension settings
2025-07-14 03:46:32.020: [INFO][Sync] Stopped: History Delete Directives
2025-07-14 03:46:32.020: [INFO][Sync] Stopped: Device Info
2025-07-14 03:46:32.020: [INFO][Sync] Stopped: User Consents
2025-07-14 03:46:32.020: [INFO][Sync] Stopped: Send Tab To Self
2025-07-14 03:46:32.020: [INFO][Sync] Stopped: Web Apps
2025-07-14 03:46:32.020: [INFO][Sync] Stopped: History
2025-07-14 03:46:32.020: [INFO][Sync] Stopped: Saved Tab Group
2025-07-14 03:46:32.020: [INFO][Sync] Stopped: WebAuthn Credentials
2025-07-14 03:46:32.020: [INFO][Sync] Stopped: Collection
2025-07-14 03:46:32.020: [INFO][Sync] Stopped: Edge E Drop
2025-07-14 03:46:32.020: [INFO][Sync] Stopped: Edge Hub App Usage
2025-07-14 03:46:32.020: [INFO][Sync] Stopped: Edge Wallet
2025-07-14 03:46:32.020: [INFO][Sync] SyncState after authenticated was: NotSignedIn
2025-07-14 03:46:32.295: [INFO][Sync] Reset engine, reason: 8
2025-07-14 03:46:32.296: [INFO][Sync] Stopped: Bookmarks
2025-07-14 03:46:32.296: [INFO][Sync] Stopped: Preferences
2025-07-14 03:46:32.296: [INFO][Sync] Stopped: Passwords
2025-07-14 03:46:32.296: [INFO][Sync] Stopped: Autofill Profiles
2025-07-14 03:46:32.296: [INFO][Sync] Stopped: Autofill
2025-07-14 03:46:32.296: [INFO][Sync] Stopped: Extensions
2025-07-14 03:46:32.296: [INFO][Sync] Stopped: Sessions
2025-07-14 03:46:32.296: [INFO][Sync] Stopped: Extension settings
2025-07-14 03:46:32.296: [INFO][Sync] Stopped: History Delete Directives
2025-07-14 03:46:32.296: [INFO][Sync] Stopped: Device Info
2025-07-14 03:46:32.296: [INFO][Sync] Stopped: User Consents
2025-07-14 03:46:32.296: [INFO][Sync] Stopped: Send Tab To Self
2025-07-14 03:46:32.296: [INFO][Sync] Stopped: Web Apps
2025-07-14 03:46:32.296: [INFO][Sync] Stopped: History
2025-07-14 03:46:32.296: [INFO][Sync] Stopped: Saved Tab Group
2025-07-14 03:46:32.296: [INFO][Sync] Stopped: WebAuthn Credentials
2025-07-14 03:46:32.296: [INFO][Sync] Stopped: Collection
2025-07-14 03:46:32.296: [INFO][Sync] Stopped: Edge E Drop
2025-07-14 03:46:32.296: [INFO][Sync] Stopped: Edge Hub App Usage
2025-07-14 03:46:32.296: [INFO][Sync] Stopped: Edge Wallet
2025-07-14 03:46:32.507: [INFO][Sync] Try to start sync engine
2025-07-14 03:46:32.509: [INFO][SyncManagerImpl::NudgeForInitialDownload] Initial download nudge for Encryption Keys
2025-07-14 03:46:32.509: [INFO][SyncEngineBackend::LoadAndConnectNigoriController] Load and connect Nigori controller
2025-07-14 03:46:32.509: [INFO][SyncEngineBackend::DoInitialize] Control Types added: Encryption Keys
2025-07-14 03:46:32.509: [INFO][SyncManagerImpl::ConfigureSyncer] Types to download: Encryption Keys with reason: 3
2025-07-14 03:46:32.509: [INFO][SyncSchedulerImpl::DoConfigurationSyncCycleJob] Configure job was blocked
2025-07-14 03:46:32.695: [INFO][SyncAuthManager::SetLastAuthError] Current auth error: None
2025-07-14 03:46:32.695: [INFO][SyncAuthManager::EdgeLogTokenErrorState] Token error with: None for account type: MSA
2025-07-14 03:46:32.695: [INFO][Sync] Credentials changed for: EdgeSyncScopeNew
2025-07-14 03:46:34.228: [INFO][SyncAuthManager::SetLastAuthError] Current auth error: None
2025-07-14 03:46:34.228: [INFO][SyncAuthManager::EdgeLogTokenErrorState] Token error with: None for account type: MSA
2025-07-14 03:46:34.228: [INFO][Sync] Credentials changed for: EdgeSyncKeyDataScope
2025-07-14 03:46:34.228: [INFO][SyncEngineBackend::DoUpdateKeyDataCredentials] Update key data credentials
2025-07-14 03:46:34.228: [INFO][SyncEngineBackend::DoUpdateCredentials] Update credentials
2025-07-14 03:46:34.228: [INFO][SyncSchedulerImpl::DoConfigurationSyncCycleJob] Blocked types:  and types to download: Encryption Keys
2025-07-14 03:46:35.015: [INFO][Sync] Started DataTypeManager configuration, reason: 4
2025-07-14 03:46:35.015: [INFO][Sync] Configuring for: Bookmarks, Preferences, Passwords, Autofill Profiles, Autofill, Extensions, Sessions, Extension settings, History Delete Directives, Device Info, User Consents, Send Tab To Self, Web Apps, History, Saved Tab Group, WebAuthn Credentials, Collection, Edge E Drop, Edge Hub App Usage, Edge Wallet, Encryption Keys, reason: 3, current state: 0
2025-07-14 03:46:35.015: [WARN][Sync] Crypto error data types: Passwords, Autofill Profiles, Autofill
2025-07-14 03:46:35.017: [INFO][Sync] Configure, desired: Bookmarks, Preferences, Extensions, Sessions, Extension settings, History Delete Directives, Device Info, User Consents, Send Tab To Self, Web Apps, History, Saved Tab Group, WebAuthn Credentials, Collection, Edge E Drop, Edge Hub App Usage, Edge Wallet, Encryption Keys; Allow fail: Passwords, Autofill Profiles, Autofill
2025-07-14 03:46:35.017: [INFO][Sync] Loading: Bookmarks
2025-07-14 03:46:35.017: [INFO][Sync] Loading: Preferences
2025-07-14 03:46:35.017: [INFO][Sync] Loading: Extensions
2025-07-14 03:46:35.017: [INFO][Sync] Loading: Sessions
2025-07-14 03:46:35.017: [INFO][Sync] Loading: Extension settings
2025-07-14 03:46:35.017: [INFO][Sync] Loading: History Delete Directives
2025-07-14 03:46:35.017: [INFO][Sync] Loading: Device Info
2025-07-14 03:46:35.017: [INFO][Sync] Loading: User Consents
2025-07-14 03:46:35.017: [INFO][Sync] Loading: Send Tab To Self
2025-07-14 03:46:35.018: [INFO][Sync] Loading: Web Apps
2025-07-14 03:46:35.018: [INFO][Sync] Loading: History
2025-07-14 03:46:35.018: [INFO][Sync] Loading: Saved Tab Group
2025-07-14 03:46:35.018: [INFO][Sync] Loading: WebAuthn Credentials
2025-07-14 03:46:35.018: [INFO][Sync] Loading: Collection
2025-07-14 03:46:35.018: [INFO][Sync] Loading: Edge E Drop
2025-07-14 03:46:35.018: [INFO][Sync] Loading: Edge Hub App Usage
2025-07-14 03:46:35.018: [INFO][Sync] Loading: Edge Wallet
2025-07-14 03:46:35.031: [INFO][Sync] All data types are ready for configure.
2025-07-14 03:46:35.820: [INFO][Sync] Started DataTypeManager configuration, reason: 5
2025-07-14 03:46:35.820: [INFO][Sync] Configuring for: Bookmarks, Preferences, Passwords, Autofill Profiles, Autofill, Extensions, Sessions, Extension settings, History Delete Directives, Device Info, User Consents, Send Tab To Self, Web Apps, History, Saved Tab Group, WebAuthn Credentials, Collection, Edge E Drop, Edge Hub App Usage, Edge Wallet, Encryption Keys, reason: 5, current state: 1
2025-07-14 03:46:35.825: [INFO][SyncEngineBackend::DoStartConfiguration] Start configuration
2025-07-14 03:46:35.825: [INFO][SyncManagerImpl::NudgeForInitialDownload] Initial download nudge for Bookmarks
2025-07-14 03:46:35.825: [INFO][SyncManagerImpl::NudgeForInitialDownload] Initial download nudge for Preferences
2025-07-14 03:46:35.825: [INFO][SyncManagerImpl::NudgeForInitialDownload] Initial download nudge for Extensions
2025-07-14 03:46:35.825: [INFO][SyncManagerImpl::NudgeForInitialDownload] Initial download nudge for Sessions
2025-07-14 03:46:35.825: [INFO][SyncManagerImpl::NudgeForInitialDownload] Initial download nudge for Extension settings
2025-07-14 03:46:35.825: [INFO][SyncManagerImpl::NudgeForInitialDownload] Initial download nudge for History Delete Directives
2025-07-14 03:46:35.825: [INFO][SyncManagerImpl::NudgeForInitialDownload] Initial download nudge for Device Info
2025-07-14 03:46:35.825: [INFO][SyncManagerImpl::NudgeForInitialDownload] Initial download nudge for Send Tab To Self
2025-07-14 03:46:35.825: [INFO][SyncManagerImpl::NudgeForInitialDownload] Initial download nudge for Web Apps
2025-07-14 03:46:35.825: [INFO][SyncManagerImpl::NudgeForInitialDownload] Initial download nudge for History
2025-07-14 03:46:35.825: [INFO][SyncManagerImpl::NudgeForInitialDownload] Initial download nudge for Saved Tab Group
2025-07-14 03:46:35.825: [INFO][SyncManagerImpl::NudgeForInitialDownload] Initial download nudge for WebAuthn Credentials
2025-07-14 03:46:35.825: [INFO][SyncManagerImpl::NudgeForInitialDownload] Initial download nudge for Collection
2025-07-14 03:46:35.825: [INFO][SyncManagerImpl::NudgeForInitialDownload] Initial download nudge for Edge E Drop
2025-07-14 03:46:35.825: [INFO][SyncManagerImpl::NudgeForInitialDownload] Initial download nudge for Edge Hub App Usage
2025-07-14 03:46:35.825: [INFO][SyncManagerImpl::NudgeForInitialDownload] Initial download nudge for Edge Wallet
2025-07-14 03:46:35.825: [INFO][SyncManagerImpl::ConfigureSyncer] Types to download:  with reason: 3
2025-07-14 03:46:35.826: [INFO][SyncEngineBackend::DoFinishConfigureDataTypes] Failed to download types:  and succeeded types: 
2025-07-14 03:46:35.826: [INFO][Sync] ConfigurationDone, failed: , succeeded: , remaining count: 4
2025-07-14 03:46:35.826: [WARN][Sync]     Reconfigure requested while configuration ongoing.
2025-07-14 03:46:35.826: [INFO][Sync] Configuring for: Bookmarks, Preferences, Passwords, Autofill Profiles, Autofill, Extensions, Sessions, Extension settings, History Delete Directives, Device Info, User Consents, Send Tab To Self, Web Apps, History, Saved Tab Group, WebAuthn Credentials, Collection, Edge E Drop, Edge Hub App Usage, Edge Wallet, Encryption Keys, reason: 5, current state: 2
2025-07-14 03:46:35.826: [INFO][Sync] Configure, desired: Bookmarks, Preferences, Passwords, Autofill Profiles, Autofill, Extensions, Sessions, Extension settings, History Delete Directives, Device Info, User Consents, Send Tab To Self, Web Apps, History, Saved Tab Group, WebAuthn Credentials, Collection, Edge E Drop, Edge Hub App Usage, Edge Wallet, Encryption Keys; Allow fail: 
2025-07-14 03:46:35.826: [INFO][Sync] Loading: Passwords
2025-07-14 03:46:35.826: [INFO][Sync] Loading: Autofill Profiles
2025-07-14 03:46:35.826: [INFO][Sync] Loading: Autofill
2025-07-14 03:46:35.826: [INFO][Sync] All data types are ready for configure.
2025-07-14 03:46:35.826: [INFO][SyncManagerImpl::NudgeForInitialDownload] Initial download nudge for Passwords
2025-07-14 03:46:35.826: [INFO][SyncManagerImpl::NudgeForInitialDownload] Initial download nudge for Autofill Profiles
2025-07-14 03:46:35.826: [INFO][SyncManagerImpl::NudgeForInitialDownload] Initial download nudge for Autofill
2025-07-14 03:46:35.826: [INFO][SyncManagerImpl::ConfigureSyncer] Types to download:  with reason: 5
2025-07-14 03:46:35.826: [INFO][SyncEngineBackend::DoFinishConfigureDataTypes] Failed to download types:  and succeeded types: 
2025-07-14 03:46:35.826: [INFO][Sync] ConfigurationDone, failed: , succeeded: , remaining count: 4
2025-07-14 03:46:35.826: [INFO][Sync] Prepare to configure types: Preferences, Passwords, Device Info, Send Tab To Self, Edge E Drop, Encryption Keys
2025-07-14 03:46:35.827: [INFO][SyncManagerImpl::ConfigureSyncer] Types to download: Preferences, Passwords, Device Info, Send Tab To Self, Edge E Drop, Encryption Keys with reason: 5
2025-07-14 03:46:35.827: [INFO][SyncSchedulerImpl::DoConfigurationSyncCycleJob] Blocked types:  and types to download: Preferences, Passwords, Device Info, Send Tab To Self, Edge E Drop, Encryption Keys
2025-07-14 03:46:39.885: [INFO][SyncEngineBackend::DoFinishConfigureDataTypes] Failed to download types:  and succeeded types: Preferences, Passwords, Device Info, Send Tab To Self, Edge E Drop, Encryption Keys
2025-07-14 03:46:39.909: [INFO][Sync] ConfigurationDone, failed: , succeeded: Preferences, Passwords, Device Info, Send Tab To Self, Edge E Drop, Encryption Keys, remaining count: 3
2025-07-14 03:46:39.909: [INFO][Sync] Prepare to configure types: Bookmarks, Encryption Keys
2025-07-14 03:46:39.909: [INFO][SyncManagerImpl::ConfigureSyncer] Types to download: Bookmarks, Encryption Keys with reason: 5
2025-07-14 03:46:39.910: [INFO][SyncSchedulerImpl::DoConfigurationSyncCycleJob] Blocked types:  and types to download: Bookmarks, Encryption Keys
2025-07-14 03:46:40.495: [INFO][SyncEngineBackend::DoFinishConfigureDataTypes] Failed to download types:  and succeeded types: Bookmarks, Encryption Keys
2025-07-14 03:46:40.515: [INFO][Sync] ConfigurationDone, failed: , succeeded: Bookmarks, Encryption Keys, remaining count: 2
2025-07-14 03:46:40.515: [INFO][Sync] Prepare to configure types: Autofill Profiles, Autofill, Extensions, Sessions, Extension settings, History Delete Directives, Web Apps, Saved Tab Group, WebAuthn Credentials, Collection, Edge Hub App Usage, Edge Wallet, Encryption Keys
2025-07-14 03:46:40.515: [INFO][SyncManagerImpl::ConfigureSyncer] Types to download: Autofill Profiles, Autofill, Extensions, Sessions, Extension settings, History Delete Directives, Web Apps, Saved Tab Group, WebAuthn Credentials, Collection, Edge Hub App Usage, Edge Wallet, Encryption Keys with reason: 5
2025-07-14 03:46:40.515: [INFO][SyncSchedulerImpl::DoConfigurationSyncCycleJob] Blocked types:  and types to download: Autofill Profiles, Autofill, Extensions, Sessions, Extension settings, History Delete Directives, Web Apps, Saved Tab Group, WebAuthn Credentials, Collection, Edge Hub App Usage, Edge Wallet, Encryption Keys
2025-07-14 03:46:55.091: [INFO][Sync] Reset engine, reason: 0
2025-07-14 03:46:55.091: [INFO][Sync] Reset engine with reason: 0
2025-07-14 03:46:55.091: [INFO][SyncSchedulerImpl::OnSyncNetworkError] Syncer error: Network error (ERR_ABORTED)
2025-07-14 03:46:55.092: [INFO][SyncSchedulerImpl::DoConfigurationSyncCycleJob] Syncer error: Success
2025-07-14 04:16:09.558: [INFO][Sync] SyncState after authenticated was: FeatureCanStart
2025-07-14 04:16:10.001: [INFO][Sync] Try to start sync engine
2025-07-14 04:16:10.002: [INFO][SyncManagerImpl::NudgeForInitialDownload] Initial download nudge for Encryption Keys
2025-07-14 04:16:10.002: [INFO][SyncEngineBackend::LoadAndConnectNigoriController] Load and connect Nigori controller
2025-07-14 04:16:10.002: [INFO][SyncEngineBackend::DoInitialize] Control Types added: Encryption Keys
2025-07-14 04:16:10.002: [INFO][SyncManagerImpl::ConfigureSyncer] Types to download: Encryption Keys with reason: 3
2025-07-14 04:16:10.002: [INFO][SyncSchedulerImpl::DoConfigurationSyncCycleJob] Configure job was blocked
2025-07-14 04:16:10.058: [INFO][SyncAuthManager::SetLastAuthError] Current auth error: None
2025-07-14 04:16:10.058: [INFO][SyncAuthManager::EdgeLogTokenErrorState] Token error with: None for account type: MSA
2025-07-14 04:16:10.058: [INFO][Sync] Credentials changed for: EdgeSyncScopeNew
2025-07-14 04:16:10.698: [INFO][SyncAuthManager::SetLastAuthError] Current auth error: None
2025-07-14 04:16:10.698: [INFO][SyncAuthManager::EdgeLogTokenErrorState] Token error with: None for account type: MSA
2025-07-14 04:16:10.698: [INFO][Sync] Credentials changed for: EdgeSyncKeyDataScope
2025-07-14 04:16:10.698: [INFO][SyncEngineBackend::DoUpdateKeyDataCredentials] Update key data credentials
2025-07-14 04:16:10.698: [INFO][SyncEngineBackend::DoUpdateCredentials] Update credentials
2025-07-14 04:16:10.698: [INFO][SyncSchedulerImpl::DoConfigurationSyncCycleJob] Blocked types:  and types to download: Encryption Keys
2025-07-14 04:16:11.274: [INFO][Sync] Started DataTypeManager configuration, reason: 4
2025-07-14 04:16:11.274: [INFO][Sync] Configuring for: Bookmarks, Preferences, Passwords, Autofill Profiles, Autofill, Extensions, Sessions, Extension settings, History Delete Directives, Device Info, User Consents, Send Tab To Self, Web Apps, History, Saved Tab Group, WebAuthn Credentials, Collection, Edge E Drop, Edge Hub App Usage, Edge Wallet, Encryption Keys, reason: 4, current state: 0
2025-07-14 04:16:11.274: [WARN][Sync] Crypto error data types: Passwords, Autofill Profiles, Autofill
2025-07-14 04:16:11.277: [INFO][Sync] Configure, desired: Bookmarks, Preferences, Extensions, Sessions, Extension settings, History Delete Directives, Device Info, User Consents, Send Tab To Self, Web Apps, History, Saved Tab Group, WebAuthn Credentials, Collection, Edge E Drop, Edge Hub App Usage, Edge Wallet, Encryption Keys; Allow fail: Passwords, Autofill Profiles, Autofill
2025-07-14 04:16:11.277: [INFO][Sync] Loading: Bookmarks
2025-07-14 04:16:11.277: [INFO][Sync] Loading: Preferences
2025-07-14 04:16:11.277: [INFO][Sync] Loading: Extensions
2025-07-14 04:16:11.277: [INFO][Sync] Loading: Sessions
2025-07-14 04:16:11.277: [INFO][Sync] Loading: Extension settings
2025-07-14 04:16:11.277: [INFO][Sync] Loading: History Delete Directives
2025-07-14 04:16:11.277: [INFO][Sync] Loading: Device Info
2025-07-14 04:16:11.277: [INFO][Sync] Loading: User Consents
2025-07-14 04:16:11.277: [INFO][Sync] Loading: Send Tab To Self
2025-07-14 04:16:11.277: [INFO][Sync] Loading: Web Apps
2025-07-14 04:16:11.277: [INFO][Sync] Loading: History
2025-07-14 04:16:11.277: [INFO][Sync] Loading: Saved Tab Group
2025-07-14 04:16:11.277: [INFO][Sync] Loading: WebAuthn Credentials
2025-07-14 04:16:11.277: [INFO][Sync] Loading: Collection
2025-07-14 04:16:11.277: [INFO][Sync] Loading: Edge E Drop
2025-07-14 04:16:11.277: [INFO][Sync] Loading: Edge Hub App Usage
2025-07-14 04:16:11.277: [INFO][Sync] Loading: Edge Wallet
2025-07-14 04:16:11.283: [INFO][Sync] All data types are ready for configure.
2025-07-14 04:16:11.949: [INFO][Sync] Started DataTypeManager configuration, reason: 5
2025-07-14 04:16:11.949: [INFO][Sync] Configuring for: Bookmarks, Preferences, Passwords, Autofill Profiles, Autofill, Extensions, Sessions, Extension settings, History Delete Directives, Device Info, User Consents, Send Tab To Self, Web Apps, History, Saved Tab Group, WebAuthn Credentials, Collection, Edge E Drop, Edge Hub App Usage, Edge Wallet, Encryption Keys, reason: 5, current state: 1
2025-07-14 04:16:11.955: [INFO][SyncEngineBackend::DoStartConfiguration] Start configuration
2025-07-14 04:16:11.955: [INFO][SyncManagerImpl::NudgeForInitialDownload] Initial download nudge for Extensions
2025-07-14 04:16:11.955: [INFO][SyncManagerImpl::NudgeForInitialDownload] Initial download nudge for Sessions
2025-07-14 04:16:11.955: [INFO][SyncManagerImpl::NudgeForInitialDownload] Initial download nudge for Extension settings
2025-07-14 04:16:11.955: [INFO][SyncManagerImpl::NudgeForInitialDownload] Initial download nudge for History Delete Directives
2025-07-14 04:16:11.955: [INFO][SyncManagerImpl::NudgeForInitialDownload] Initial download nudge for Web Apps
2025-07-14 04:16:11.955: [INFO][SyncManagerImpl::NudgeForInitialDownload] Initial download nudge for History
2025-07-14 04:16:11.955: [INFO][SyncManagerImpl::NudgeForInitialDownload] Initial download nudge for Saved Tab Group
2025-07-14 04:16:11.955: [INFO][SyncManagerImpl::NudgeForInitialDownload] Initial download nudge for WebAuthn Credentials
2025-07-14 04:16:11.955: [INFO][SyncManagerImpl::NudgeForInitialDownload] Initial download nudge for Collection
2025-07-14 04:16:11.955: [INFO][SyncManagerImpl::NudgeForInitialDownload] Initial download nudge for Edge Hub App Usage
2025-07-14 04:16:11.955: [INFO][SyncManagerImpl::NudgeForInitialDownload] Initial download nudge for Edge Wallet
2025-07-14 04:16:11.955: [INFO][SyncManagerImpl::ConfigureSyncer] Types to download:  with reason: 4
2025-07-14 04:16:11.955: [INFO][SyncEngineBackend::DoFinishConfigureDataTypes] Failed to download types:  and succeeded types: 
2025-07-14 04:16:11.955: [INFO][Sync] ConfigurationDone, failed: , succeeded: , remaining count: 4
2025-07-14 04:16:11.955: [WARN][Sync]     Reconfigure requested while configuration ongoing.
2025-07-14 04:16:11.955: [INFO][Sync] Configuring for: Bookmarks, Preferences, Passwords, Autofill Profiles, Autofill, Extensions, Sessions, Extension settings, History Delete Directives, Device Info, User Consents, Send Tab To Self, Web Apps, History, Saved Tab Group, WebAuthn Credentials, Collection, Edge E Drop, Edge Hub App Usage, Edge Wallet, Encryption Keys, reason: 5, current state: 2
2025-07-14 04:16:11.956: [INFO][Sync] Configure, desired: Bookmarks, Preferences, Passwords, Autofill Profiles, Autofill, Extensions, Sessions, Extension settings, History Delete Directives, Device Info, User Consents, Send Tab To Self, Web Apps, History, Saved Tab Group, WebAuthn Credentials, Collection, Edge E Drop, Edge Hub App Usage, Edge Wallet, Encryption Keys; Allow fail: 
2025-07-14 04:16:11.956: [INFO][Sync] Loading: Passwords
2025-07-14 04:16:11.956: [INFO][Sync] Loading: Autofill Profiles
2025-07-14 04:16:11.956: [INFO][Sync] Loading: Autofill
2025-07-14 04:16:11.959: [INFO][Sync] All data types are ready for configure.
2025-07-14 04:16:11.960: [INFO][SyncManagerImpl::NudgeForInitialDownload] Initial download nudge for Passwords
2025-07-14 04:16:11.960: [INFO][SyncManagerImpl::NudgeForInitialDownload] Initial download nudge for Autofill Profiles
2025-07-14 04:16:11.960: [INFO][SyncManagerImpl::NudgeForInitialDownload] Initial download nudge for Autofill
2025-07-14 04:16:11.960: [INFO][SyncManagerImpl::ConfigureSyncer] Types to download:  with reason: 5
2025-07-14 04:16:11.960: [INFO][SyncEngineBackend::DoFinishConfigureDataTypes] Failed to download types:  and succeeded types: 
2025-07-14 04:16:11.960: [INFO][Sync] ConfigurationDone, failed: , succeeded: , remaining count: 4
2025-07-14 04:16:11.960: [INFO][Sync] Prepare to configure types: Passwords, Encryption Keys
2025-07-14 04:16:11.960: [INFO][SyncManagerImpl::ConfigureSyncer] Types to download: Passwords, Encryption Keys with reason: 5
2025-07-14 04:16:11.960: [INFO][SyncSchedulerImpl::DoConfigurationSyncCycleJob] Blocked types:  and types to download: Passwords, Encryption Keys
2025-07-14 04:16:12.455: [INFO][SyncEngineBackend::DoFinishConfigureDataTypes] Failed to download types:  and succeeded types: Passwords, Encryption Keys
2025-07-14 04:16:12.456: [INFO][Sync] ConfigurationDone, failed: , succeeded: Passwords, Encryption Keys, remaining count: 3
2025-07-14 04:16:12.456: [INFO][SyncManagerImpl::ConfigureSyncer] Types to download:  with reason: 5
2025-07-14 04:16:12.456: [INFO][SyncEngineBackend::DoFinishConfigureDataTypes] Failed to download types:  and succeeded types: 
2025-07-14 04:16:12.461: [INFO][Sync] ConfigurationDone, failed: , succeeded: , remaining count: 2
2025-07-14 04:16:12.461: [INFO][Sync] Prepare to configure types: Autofill Profiles, Autofill, Extensions, Sessions, Extension settings, History Delete Directives, Web Apps, Saved Tab Group, WebAuthn Credentials, Collection, Edge Hub App Usage, Edge Wallet, Encryption Keys
2025-07-14 04:16:12.461: [INFO][SyncManagerImpl::ConfigureSyncer] Types to download: Autofill Profiles, Autofill, Extensions, Sessions, Extension settings, History Delete Directives, Web Apps, Saved Tab Group, WebAuthn Credentials, Collection, Edge Hub App Usage, Edge Wallet, Encryption Keys with reason: 5
2025-07-14 04:16:12.461: [INFO][SyncSchedulerImpl::DoConfigurationSyncCycleJob] Blocked types:  and types to download: Autofill Profiles, Autofill, Extensions, Sessions, Extension settings, History Delete Directives, Web Apps, Saved Tab Group, WebAuthn Credentials, Collection, Edge Hub App Usage, Edge Wallet, Encryption Keys
2025-07-14 04:16:23.010: [INFO][SyncEngineBackend::DoFinishConfigureDataTypes] Failed to download types:  and succeeded types: Autofill Profiles, Autofill, Extensions, Sessions, Extension settings, History Delete Directives, Web Apps, Saved Tab Group, WebAuthn Credentials, Collection, Edge Hub App Usage, Edge Wallet, Encryption Keys
2025-07-14 04:16:23.012: [INFO][Sync] ConfigurationDone, failed: , succeeded: Autofill Profiles, Autofill, Extensions, Sessions, Extension settings, History Delete Directives, Web Apps, Saved Tab Group, WebAuthn Credentials, Collection, Edge Hub App Usage, Edge Wallet, Encryption Keys, remaining count: 1
2025-07-14 04:16:23.014: [INFO][Sync] Prepare to configure types: History, Encryption Keys
2025-07-14 04:16:23.014: [INFO][SyncManagerImpl::ConfigureSyncer] Types to download: History, Encryption Keys with reason: 5
2025-07-14 04:16:23.015: [INFO][SyncSchedulerImpl::DoConfigurationSyncCycleJob] Blocked types:  and types to download: History, Encryption Keys
2025-07-14 04:16:34.922: [INFO][Sync] Reset engine, reason: 0
2025-07-14 04:16:34.922: [INFO][Sync] Reset engine with reason: 0
2025-07-14 04:16:34.922: [INFO][SyncSchedulerImpl::OnSyncNetworkError] Syncer error: Network error (ERR_ABORTED)
2025-07-14 04:16:34.925: [INFO][SyncSchedulerImpl::DoConfigurationSyncCycleJob] Syncer error: Success
2025-07-14 05:38:58.439: [INFO][Sync] SyncState after authenticated was: FeatureCanStart
2025-07-14 05:38:58.876: [INFO][Sync] Try to start sync engine
2025-07-14 05:38:58.878: [INFO][SyncManagerImpl::NudgeForInitialDownload] Initial download nudge for Encryption Keys
2025-07-14 05:38:58.878: [INFO][SyncEngineBackend::LoadAndConnectNigoriController] Load and connect Nigori controller
2025-07-14 05:38:58.878: [INFO][SyncEngineBackend::DoInitialize] Control Types added: Encryption Keys
2025-07-14 05:38:58.878: [INFO][SyncManagerImpl::ConfigureSyncer] Types to download: Encryption Keys with reason: 3
2025-07-14 05:38:58.878: [INFO][SyncSchedulerImpl::DoConfigurationSyncCycleJob] Configure job was blocked
2025-07-14 05:38:58.957: [INFO][SyncAuthManager::SetLastAuthError] Current auth error: None
2025-07-14 05:38:58.957: [INFO][SyncAuthManager::EdgeLogTokenErrorState] Token error with: None for account type: MSA
2025-07-14 05:38:58.957: [INFO][Sync] Credentials changed for: EdgeSyncScopeNew
2025-07-14 05:38:59.556: [INFO][SyncAuthManager::SetLastAuthError] Current auth error: None
2025-07-14 05:38:59.556: [INFO][SyncAuthManager::EdgeLogTokenErrorState] Token error with: None for account type: MSA
2025-07-14 05:38:59.556: [INFO][Sync] Credentials changed for: EdgeSyncKeyDataScope
2025-07-14 05:38:59.557: [INFO][SyncEngineBackend::DoUpdateKeyDataCredentials] Update key data credentials
2025-07-14 05:38:59.557: [INFO][SyncEngineBackend::DoUpdateCredentials] Update credentials
2025-07-14 05:38:59.557: [INFO][SyncSchedulerImpl::DoConfigurationSyncCycleJob] Blocked types:  and types to download: Encryption Keys
2025-07-14 05:39:00.588: [INFO][Sync] Started DataTypeManager configuration, reason: 4
2025-07-14 05:39:00.589: [INFO][Sync] Configuring for: Bookmarks, Preferences, Passwords, Autofill Profiles, Autofill, Extensions, Sessions, Extension settings, History Delete Directives, Device Info, User Consents, Send Tab To Self, Web Apps, History, Saved Tab Group, WebAuthn Credentials, Collection, Edge E Drop, Edge Hub App Usage, Edge Wallet, Encryption Keys, reason: 4, current state: 0
2025-07-14 05:39:00.589: [WARN][Sync] Crypto error data types: Passwords, Autofill Profiles, Autofill
2025-07-14 05:39:00.590: [INFO][Sync] Configure, desired: Bookmarks, Preferences, Extensions, Sessions, Extension settings, History Delete Directives, Device Info, User Consents, Send Tab To Self, Web Apps, History, Saved Tab Group, WebAuthn Credentials, Collection, Edge E Drop, Edge Hub App Usage, Edge Wallet, Encryption Keys; Allow fail: Passwords, Autofill Profiles, Autofill
2025-07-14 05:39:00.590: [INFO][Sync] Loading: Bookmarks
2025-07-14 05:39:00.590: [INFO][Sync] Loading: Preferences
2025-07-14 05:39:00.590: [INFO][Sync] Loading: Extensions
2025-07-14 05:39:00.590: [INFO][Sync] Loading: Sessions
2025-07-14 05:39:00.590: [INFO][Sync] Loading: Extension settings
2025-07-14 05:39:00.590: [INFO][Sync] Loading: History Delete Directives
2025-07-14 05:39:00.590: [INFO][Sync] Loading: Device Info
2025-07-14 05:39:00.590: [INFO][Sync] Loading: User Consents
2025-07-14 05:39:00.590: [INFO][Sync] Loading: Send Tab To Self
2025-07-14 05:39:00.590: [INFO][Sync] Loading: Web Apps
2025-07-14 05:39:00.590: [INFO][Sync] Loading: History
2025-07-14 05:39:00.590: [INFO][Sync] Loading: Saved Tab Group
2025-07-14 05:39:00.590: [INFO][Sync] Loading: WebAuthn Credentials
2025-07-14 05:39:00.590: [INFO][Sync] Loading: Collection
2025-07-14 05:39:00.590: [INFO][Sync] Loading: Edge E Drop
2025-07-14 05:39:00.590: [INFO][Sync] Loading: Edge Hub App Usage
2025-07-14 05:39:00.590: [INFO][Sync] Loading: Edge Wallet
2025-07-14 05:39:00.593: [INFO][Sync] All data types are ready for configure.
2025-07-14 05:39:01.183: [INFO][Sync] Started DataTypeManager configuration, reason: 5
2025-07-14 05:39:01.184: [INFO][Sync] Configuring for: Bookmarks, Preferences, Passwords, Autofill Profiles, Autofill, Extensions, Sessions, Extension settings, History Delete Directives, Device Info, User Consents, Send Tab To Self, Web Apps, History, Saved Tab Group, WebAuthn Credentials, Collection, Edge E Drop, Edge Hub App Usage, Edge Wallet, Encryption Keys, reason: 5, current state: 1
2025-07-14 05:39:01.190: [INFO][SyncEngineBackend::DoStartConfiguration] Start configuration
2025-07-14 05:39:01.190: [INFO][SyncManagerImpl::NudgeForInitialDownload] Initial download nudge for History
2025-07-14 05:39:01.190: [INFO][SyncManagerImpl::ConfigureSyncer] Types to download:  with reason: 4
2025-07-14 05:39:01.190: [INFO][SyncEngineBackend::DoFinishConfigureDataTypes] Failed to download types:  and succeeded types: 
2025-07-14 05:39:01.190: [INFO][Sync] ConfigurationDone, failed: , succeeded: , remaining count: 4
2025-07-14 05:39:01.190: [WARN][Sync]     Reconfigure requested while configuration ongoing.
2025-07-14 05:39:01.190: [INFO][Sync] Configuring for: Bookmarks, Preferences, Passwords, Autofill Profiles, Autofill, Extensions, Sessions, Extension settings, History Delete Directives, Device Info, User Consents, Send Tab To Self, Web Apps, History, Saved Tab Group, WebAuthn Credentials, Collection, Edge E Drop, Edge Hub App Usage, Edge Wallet, Encryption Keys, reason: 5, current state: 2
2025-07-14 05:39:01.190: [INFO][Sync] Configure, desired: Bookmarks, Preferences, Passwords, Autofill Profiles, Autofill, Extensions, Sessions, Extension settings, History Delete Directives, Device Info, User Consents, Send Tab To Self, Web Apps, History, Saved Tab Group, WebAuthn Credentials, Collection, Edge E Drop, Edge Hub App Usage, Edge Wallet, Encryption Keys; Allow fail: 
2025-07-14 05:39:01.190: [INFO][Sync] Loading: Passwords
2025-07-14 05:39:01.190: [INFO][Sync] Loading: Autofill Profiles
2025-07-14 05:39:01.190: [INFO][Sync] Loading: Autofill
2025-07-14 05:39:01.190: [INFO][Sync] All data types are ready for configure.
2025-07-14 05:39:01.191: [INFO][SyncManagerImpl::NudgeForInitialDownload] Initial download nudge for Passwords
2025-07-14 05:39:01.191: [INFO][SyncManagerImpl::ConfigureSyncer] Types to download:  with reason: 5
2025-07-14 05:39:01.191: [INFO][SyncEngineBackend::DoFinishConfigureDataTypes] Failed to download types:  and succeeded types: 
2025-07-14 05:39:01.191: [INFO][Sync] ConfigurationDone, failed: , succeeded: , remaining count: 4
2025-07-14 05:39:01.191: [INFO][Sync] Prepare to configure types: Passwords, Encryption Keys
2025-07-14 05:39:01.191: [INFO][SyncManagerImpl::ConfigureSyncer] Types to download: Passwords, Encryption Keys with reason: 5
2025-07-14 05:39:01.191: [INFO][SyncSchedulerImpl::DoConfigurationSyncCycleJob] Blocked types:  and types to download: Passwords, Encryption Keys
2025-07-14 05:39:01.729: [INFO][SyncEngineBackend::DoFinishConfigureDataTypes] Failed to download types:  and succeeded types: Passwords, Encryption Keys
2025-07-14 05:39:01.733: [INFO][Sync] ConfigurationDone, failed: , succeeded: Passwords, Encryption Keys, remaining count: 3
2025-07-14 05:39:01.733: [INFO][SyncManagerImpl::ConfigureSyncer] Types to download:  with reason: 5
2025-07-14 05:39:01.733: [INFO][SyncEngineBackend::DoFinishConfigureDataTypes] Failed to download types:  and succeeded types: 
2025-07-14 05:39:01.737: [INFO][Sync] ConfigurationDone, failed: , succeeded: , remaining count: 2
2025-07-14 05:39:01.737: [INFO][SyncManagerImpl::ConfigureSyncer] Types to download:  with reason: 5
2025-07-14 05:39:01.737: [INFO][SyncEngineBackend::DoFinishConfigureDataTypes] Failed to download types:  and succeeded types: 
2025-07-14 05:39:01.738: [INFO][Sync] ConfigurationDone, failed: , succeeded: , remaining count: 1
2025-07-14 05:39:01.739: [INFO][Sync] Prepare to configure types: History, Encryption Keys
2025-07-14 05:39:01.739: [INFO][SyncManagerImpl::ConfigureSyncer] Types to download: History, Encryption Keys with reason: 5
2025-07-14 05:39:01.739: [INFO][SyncSchedulerImpl::DoConfigurationSyncCycleJob] Blocked types:  and types to download: History, Encryption Keys
2025-07-14 05:39:16.377: [INFO][SyncEngineBackend::DoFinishConfigureDataTypes] Failed to download types:  and succeeded types: History, Encryption Keys
2025-07-14 05:39:16.378: [INFO][Sync] ConfigurationDone, failed: , succeeded: History, Encryption Keys, remaining count: 0
2025-07-14 05:39:16.380: [INFO][Sync]     Configuration completed, state: 7
2025-07-14 05:39:16.380: [INFO][Sync] Configured DataTypeManager: Ok
2025-07-14 05:39:16.383: [INFO][SyncEngineBackend::DoStartSyncing] Start syncing
2025-07-14 05:42:45.414: [INFO][Sync] Reset engine, reason: 0
2025-07-14 05:42:45.414: [INFO][Sync] Reset engine with reason: 0
2025-07-14 05:43:14.729: [INFO][Sync] SyncState after authenticated was: FeatureCanStart
2025-07-14 05:43:15.126: [INFO][Sync] Try to start sync engine
2025-07-14 05:43:15.128: [INFO][SyncManagerImpl::NudgeForInitialDownload] Initial download nudge for Encryption Keys
2025-07-14 05:43:15.128: [INFO][SyncEngineBackend::LoadAndConnectNigoriController] Load and connect Nigori controller
2025-07-14 05:43:15.128: [INFO][SyncEngineBackend::DoInitialize] Control Types added: Encryption Keys
2025-07-14 05:43:15.128: [INFO][SyncManagerImpl::ConfigureSyncer] Types to download: Encryption Keys with reason: 3
2025-07-14 05:43:15.128: [INFO][SyncSchedulerImpl::DoConfigurationSyncCycleJob] Configure job was blocked
2025-07-14 05:43:15.190: [INFO][SyncAuthManager::SetLastAuthError] Current auth error: None
2025-07-14 05:43:15.190: [INFO][SyncAuthManager::EdgeLogTokenErrorState] Token error with: None for account type: MSA
2025-07-14 05:43:15.190: [INFO][Sync] Credentials changed for: EdgeSyncScopeNew
2025-07-14 05:43:16.298: [INFO][SyncAuthManager::SetLastAuthError] Current auth error: None
2025-07-14 05:43:16.298: [INFO][SyncAuthManager::EdgeLogTokenErrorState] Token error with: None for account type: MSA
2025-07-14 05:43:16.298: [INFO][Sync] Credentials changed for: EdgeSyncKeyDataScope
2025-07-14 05:43:16.298: [INFO][SyncEngineBackend::DoUpdateKeyDataCredentials] Update key data credentials
2025-07-14 05:43:16.298: [INFO][SyncEngineBackend::DoUpdateCredentials] Update credentials
2025-07-14 05:43:16.298: [INFO][SyncSchedulerImpl::DoConfigurationSyncCycleJob] Blocked types:  and types to download: Encryption Keys
2025-07-14 05:43:16.681: [INFO][Sync] Started DataTypeManager configuration, reason: 4
2025-07-14 05:43:16.682: [INFO][Sync] Configuring for: Bookmarks, Preferences, Passwords, Autofill Profiles, Autofill, Extensions, Sessions, Extension settings, History Delete Directives, Device Info, User Consents, Send Tab To Self, Web Apps, History, Saved Tab Group, WebAuthn Credentials, Collection, Edge E Drop, Edge Hub App Usage, Edge Wallet, Encryption Keys, reason: 4, current state: 0
2025-07-14 05:43:16.682: [WARN][Sync] Crypto error data types: Passwords, Autofill Profiles, Autofill
2025-07-14 05:43:16.684: [INFO][Sync] Configure, desired: Bookmarks, Preferences, Extensions, Sessions, Extension settings, History Delete Directives, Device Info, User Consents, Send Tab To Self, Web Apps, History, Saved Tab Group, WebAuthn Credentials, Collection, Edge E Drop, Edge Hub App Usage, Edge Wallet, Encryption Keys; Allow fail: Passwords, Autofill Profiles, Autofill
2025-07-14 05:43:16.684: [INFO][Sync] Loading: Bookmarks
2025-07-14 05:43:16.684: [INFO][Sync] Loading: Preferences
2025-07-14 05:43:16.684: [INFO][Sync] Loading: Extensions
2025-07-14 05:43:16.684: [INFO][Sync] Loading: Sessions
2025-07-14 05:43:16.684: [INFO][Sync] Loading: Extension settings
2025-07-14 05:43:16.684: [INFO][Sync] Loading: History Delete Directives
2025-07-14 05:43:16.684: [INFO][Sync] Loading: Device Info
2025-07-14 05:43:16.684: [INFO][Sync] Loading: User Consents
2025-07-14 05:43:16.684: [INFO][Sync] Loading: Send Tab To Self
2025-07-14 05:43:16.684: [INFO][Sync] Loading: Web Apps
2025-07-14 05:43:16.685: [INFO][Sync] Loading: History
2025-07-14 05:43:16.685: [INFO][Sync] Loading: Saved Tab Group
2025-07-14 05:43:16.685: [INFO][Sync] Loading: WebAuthn Credentials
2025-07-14 05:43:16.685: [INFO][Sync] Loading: Collection
2025-07-14 05:43:16.685: [INFO][Sync] Loading: Edge E Drop
2025-07-14 05:43:16.685: [INFO][Sync] Loading: Edge Hub App Usage
2025-07-14 05:43:16.685: [INFO][Sync] Loading: Edge Wallet
2025-07-14 05:43:16.692: [INFO][Sync] All data types are ready for configure.
2025-07-14 05:43:17.655: [INFO][Sync] Started DataTypeManager configuration, reason: 5
2025-07-14 05:43:17.656: [INFO][Sync] Configuring for: Bookmarks, Preferences, Passwords, Autofill Profiles, Autofill, Extensions, Sessions, Extension settings, History Delete Directives, Device Info, User Consents, Send Tab To Self, Web Apps, History, Saved Tab Group, WebAuthn Credentials, Collection, Edge E Drop, Edge Hub App Usage, Edge Wallet, Encryption Keys, reason: 5, current state: 1
2025-07-14 05:43:17.665: [INFO][SyncEngineBackend::DoStartConfiguration] Start configuration
2025-07-14 05:43:17.665: [INFO][SyncManagerImpl::ConfigureSyncer] Types to download:  with reason: 4
2025-07-14 05:43:17.665: [INFO][SyncEngineBackend::DoFinishConfigureDataTypes] Failed to download types:  and succeeded types: 
2025-07-14 05:43:17.672: [INFO][Sync] ConfigurationDone, failed: , succeeded: , remaining count: 4
2025-07-14 05:43:17.672: [WARN][Sync]     Reconfigure requested while configuration ongoing.
2025-07-14 05:43:17.672: [INFO][Sync] Configuring for: Bookmarks, Preferences, Passwords, Autofill Profiles, Autofill, Extensions, Sessions, Extension settings, History Delete Directives, Device Info, User Consents, Send Tab To Self, Web Apps, History, Saved Tab Group, WebAuthn Credentials, Collection, Edge E Drop, Edge Hub App Usage, Edge Wallet, Encryption Keys, reason: 5, current state: 2
2025-07-14 05:43:17.672: [INFO][Sync] Configure, desired: Bookmarks, Preferences, Passwords, Autofill Profiles, Autofill, Extensions, Sessions, Extension settings, History Delete Directives, Device Info, User Consents, Send Tab To Self, Web Apps, History, Saved Tab Group, WebAuthn Credentials, Collection, Edge E Drop, Edge Hub App Usage, Edge Wallet, Encryption Keys; Allow fail: 
2025-07-14 05:43:17.672: [INFO][Sync] Loading: Passwords
2025-07-14 05:43:17.672: [INFO][Sync] Loading: Autofill Profiles
2025-07-14 05:43:17.672: [INFO][Sync] Loading: Autofill
2025-07-14 05:43:17.672: [INFO][Sync] All data types are ready for configure.
2025-07-14 05:43:17.672: [INFO][SyncManagerImpl::NudgeForInitialDownload] Initial download nudge for Passwords
2025-07-14 05:43:17.672: [INFO][SyncManagerImpl::ConfigureSyncer] Types to download:  with reason: 5
2025-07-14 05:43:17.672: [INFO][SyncEngineBackend::DoFinishConfigureDataTypes] Failed to download types:  and succeeded types: 
2025-07-14 05:43:17.673: [INFO][Sync] ConfigurationDone, failed: , succeeded: , remaining count: 4
2025-07-14 05:43:17.673: [INFO][Sync] Prepare to configure types: Passwords, Encryption Keys
2025-07-14 05:43:17.673: [INFO][SyncManagerImpl::ConfigureSyncer] Types to download: Passwords, Encryption Keys with reason: 5
2025-07-14 05:43:17.673: [INFO][SyncSchedulerImpl::DoConfigurationSyncCycleJob] Blocked types:  and types to download: Passwords, Encryption Keys
2025-07-14 05:43:18.148: [INFO][SyncEngineBackend::DoFinishConfigureDataTypes] Failed to download types:  and succeeded types: Passwords, Encryption Keys
2025-07-14 05:43:18.149: [INFO][Sync] ConfigurationDone, failed: , succeeded: Passwords, Encryption Keys, remaining count: 3
2025-07-14 05:43:18.150: [INFO][SyncManagerImpl::ConfigureSyncer] Types to download:  with reason: 5
2025-07-14 05:43:18.150: [INFO][SyncEngineBackend::DoFinishConfigureDataTypes] Failed to download types:  and succeeded types: 
2025-07-14 05:43:18.150: [INFO][Sync] ConfigurationDone, failed: , succeeded: , remaining count: 2
2025-07-14 05:43:18.150: [INFO][SyncManagerImpl::ConfigureSyncer] Types to download:  with reason: 5
2025-07-14 05:43:18.150: [INFO][SyncEngineBackend::DoFinishConfigureDataTypes] Failed to download types:  and succeeded types: 
2025-07-14 05:43:18.155: [INFO][Sync] ConfigurationDone, failed: , succeeded: , remaining count: 1
2025-07-14 05:43:18.156: [INFO][SyncManagerImpl::ConfigureSyncer] Types to download:  with reason: 5
2025-07-14 05:43:18.156: [INFO][SyncEngineBackend::DoFinishConfigureDataTypes] Failed to download types:  and succeeded types: 
2025-07-14 05:43:18.156: [INFO][Sync] ConfigurationDone, failed: , succeeded: , remaining count: 0
2025-07-14 05:43:18.158: [INFO][Sync]     Configuration completed, state: 7
2025-07-14 05:43:18.158: [INFO][Sync] Configured DataTypeManager: Ok
2025-07-14 05:43:18.161: [INFO][SyncEngineBackend::DoStartSyncing] Start syncing
2025-07-14 05:44:32.320: [INFO][Sync] Reset engine, reason: 0
2025-07-14 05:44:32.320: [INFO][Sync] Reset engine with reason: 0
2025-07-14 05:48:41.080: [INFO][Sync] SyncState after authenticated was: FeatureCanStart
2025-07-14 05:48:41.494: [INFO][Sync] Try to start sync engine
2025-07-14 05:48:41.497: [INFO][SyncManagerImpl::NudgeForInitialDownload] Initial download nudge for Encryption Keys
2025-07-14 05:48:41.497: [INFO][SyncEngineBackend::LoadAndConnectNigoriController] Load and connect Nigori controller
2025-07-14 05:48:41.497: [INFO][SyncEngineBackend::DoInitialize] Control Types added: Encryption Keys
2025-07-14 05:48:41.497: [INFO][SyncManagerImpl::ConfigureSyncer] Types to download: Encryption Keys with reason: 3
2025-07-14 05:48:41.497: [INFO][SyncSchedulerImpl::DoConfigurationSyncCycleJob] Configure job was blocked
2025-07-14 05:48:41.550: [INFO][SyncAuthManager::SetLastAuthError] Current auth error: None
2025-07-14 05:48:41.550: [INFO][SyncAuthManager::EdgeLogTokenErrorState] Token error with: None for account type: MSA
2025-07-14 05:48:41.550: [INFO][Sync] Credentials changed for: EdgeSyncScopeNew
2025-07-14 05:48:42.380: [INFO][SyncAuthManager::SetLastAuthError] Current auth error: None
2025-07-14 05:48:42.380: [INFO][SyncAuthManager::EdgeLogTokenErrorState] Token error with: None for account type: MSA
2025-07-14 05:48:42.380: [INFO][Sync] Credentials changed for: EdgeSyncKeyDataScope
2025-07-14 05:48:42.380: [INFO][SyncEngineBackend::DoUpdateKeyDataCredentials] Update key data credentials
2025-07-14 05:48:42.380: [INFO][SyncEngineBackend::DoUpdateCredentials] Update credentials
2025-07-14 05:48:42.380: [INFO][SyncSchedulerImpl::DoConfigurationSyncCycleJob] Blocked types:  and types to download: Encryption Keys
2025-07-14 05:48:42.770: [INFO][Sync] Started DataTypeManager configuration, reason: 4
2025-07-14 05:48:42.770: [INFO][Sync] Configuring for: Bookmarks, Preferences, Passwords, Autofill Profiles, Autofill, Extensions, Sessions, Extension settings, History Delete Directives, Device Info, User Consents, Send Tab To Self, Web Apps, History, Saved Tab Group, WebAuthn Credentials, Collection, Edge E Drop, Edge Hub App Usage, Edge Wallet, Encryption Keys, reason: 4, current state: 0
2025-07-14 05:48:42.770: [WARN][Sync] Crypto error data types: Passwords, Autofill Profiles, Autofill
2025-07-14 05:48:42.771: [INFO][Sync] Configure, desired: Bookmarks, Preferences, Extensions, Sessions, Extension settings, History Delete Directives, Device Info, User Consents, Send Tab To Self, Web Apps, History, Saved Tab Group, WebAuthn Credentials, Collection, Edge E Drop, Edge Hub App Usage, Edge Wallet, Encryption Keys; Allow fail: Passwords, Autofill Profiles, Autofill
2025-07-14 05:48:42.772: [INFO][Sync] Loading: Bookmarks
2025-07-14 05:48:42.772: [INFO][Sync] Loading: Preferences
2025-07-14 05:48:42.772: [INFO][Sync] Loading: Extensions
2025-07-14 05:48:42.772: [INFO][Sync] Loading: Sessions
2025-07-14 05:48:42.772: [INFO][Sync] Loading: Extension settings
2025-07-14 05:48:42.772: [INFO][Sync] Loading: History Delete Directives
2025-07-14 05:48:42.772: [INFO][Sync] Loading: Device Info
2025-07-14 05:48:42.772: [INFO][Sync] Loading: User Consents
2025-07-14 05:48:42.772: [INFO][Sync] Loading: Send Tab To Self
2025-07-14 05:48:42.772: [INFO][Sync] Loading: Web Apps
2025-07-14 05:48:42.772: [INFO][Sync] Loading: History
2025-07-14 05:48:42.772: [INFO][Sync] Loading: Saved Tab Group
2025-07-14 05:48:42.772: [INFO][Sync] Loading: WebAuthn Credentials
2025-07-14 05:48:42.772: [INFO][Sync] Loading: Collection
2025-07-14 05:48:42.772: [INFO][Sync] Loading: Edge E Drop
2025-07-14 05:48:42.772: [INFO][Sync] Loading: Edge Hub App Usage
2025-07-14 05:48:42.772: [INFO][Sync] Loading: Edge Wallet
2025-07-14 05:48:42.775: [INFO][Sync] All data types are ready for configure.
2025-07-14 05:48:43.279: [INFO][Sync] Started DataTypeManager configuration, reason: 5
2025-07-14 05:48:43.280: [INFO][Sync] Configuring for: Bookmarks, Preferences, Passwords, Autofill Profiles, Autofill, Extensions, Sessions, Extension settings, History Delete Directives, Device Info, User Consents, Send Tab To Self, Web Apps, History, Saved Tab Group, WebAuthn Credentials, Collection, Edge E Drop, Edge Hub App Usage, Edge Wallet, Encryption Keys, reason: 5, current state: 1
2025-07-14 05:48:43.286: [INFO][SyncEngineBackend::DoStartConfiguration] Start configuration
2025-07-14 05:48:43.286: [INFO][SyncManagerImpl::ConfigureSyncer] Types to download:  with reason: 4
2025-07-14 05:48:43.286: [INFO][SyncEngineBackend::DoFinishConfigureDataTypes] Failed to download types:  and succeeded types: 
2025-07-14 05:48:43.286: [INFO][Sync] ConfigurationDone, failed: , succeeded: , remaining count: 4
2025-07-14 05:48:43.286: [WARN][Sync]     Reconfigure requested while configuration ongoing.
2025-07-14 05:48:43.286: [INFO][Sync] Configuring for: Bookmarks, Preferences, Passwords, Autofill Profiles, Autofill, Extensions, Sessions, Extension settings, History Delete Directives, Device Info, User Consents, Send Tab To Self, Web Apps, History, Saved Tab Group, WebAuthn Credentials, Collection, Edge E Drop, Edge Hub App Usage, Edge Wallet, Encryption Keys, reason: 5, current state: 2
2025-07-14 05:48:43.286: [INFO][Sync] Configure, desired: Bookmarks, Preferences, Passwords, Autofill Profiles, Autofill, Extensions, Sessions, Extension settings, History Delete Directives, Device Info, User Consents, Send Tab To Self, Web Apps, History, Saved Tab Group, WebAuthn Credentials, Collection, Edge E Drop, Edge Hub App Usage, Edge Wallet, Encryption Keys; Allow fail: 
2025-07-14 05:48:43.286: [INFO][Sync] Loading: Passwords
2025-07-14 05:48:43.286: [INFO][Sync] Loading: Autofill Profiles
2025-07-14 05:48:43.286: [INFO][Sync] Loading: Autofill
2025-07-14 05:48:43.287: [INFO][Sync] All data types are ready for configure.
2025-07-14 05:48:43.287: [INFO][SyncManagerImpl::NudgeForInitialDownload] Initial download nudge for Passwords
2025-07-14 05:48:43.287: [INFO][SyncManagerImpl::ConfigureSyncer] Types to download:  with reason: 5
2025-07-14 05:48:43.287: [INFO][SyncEngineBackend::DoFinishConfigureDataTypes] Failed to download types:  and succeeded types: 
2025-07-14 05:48:43.287: [INFO][Sync] ConfigurationDone, failed: , succeeded: , remaining count: 4
2025-07-14 05:48:43.287: [INFO][Sync] Prepare to configure types: Passwords, Encryption Keys
2025-07-14 05:48:43.287: [INFO][SyncManagerImpl::ConfigureSyncer] Types to download: Passwords, Encryption Keys with reason: 5
2025-07-14 05:48:43.287: [INFO][SyncSchedulerImpl::DoConfigurationSyncCycleJob] Blocked types:  and types to download: Passwords, Encryption Keys
2025-07-14 05:48:44.411: [INFO][SyncEngineBackend::DoFinishConfigureDataTypes] Failed to download types:  and succeeded types: Passwords, Encryption Keys
2025-07-14 05:48:44.412: [INFO][Sync] ConfigurationDone, failed: , succeeded: Passwords, Encryption Keys, remaining count: 3
2025-07-14 05:48:44.412: [INFO][SyncManagerImpl::ConfigureSyncer] Types to download:  with reason: 5
2025-07-14 05:48:44.412: [INFO][SyncEngineBackend::DoFinishConfigureDataTypes] Failed to download types:  and succeeded types: 
2025-07-14 05:48:44.412: [INFO][Sync] ConfigurationDone, failed: , succeeded: , remaining count: 2
2025-07-14 05:48:44.412: [INFO][SyncManagerImpl::ConfigureSyncer] Types to download:  with reason: 5
2025-07-14 05:48:44.412: [INFO][SyncEngineBackend::DoFinishConfigureDataTypes] Failed to download types:  and succeeded types: 
2025-07-14 05:48:44.416: [INFO][Sync] ConfigurationDone, failed: , succeeded: , remaining count: 1
2025-07-14 05:48:44.417: [INFO][SyncManagerImpl::ConfigureSyncer] Types to download:  with reason: 5
2025-07-14 05:48:44.417: [INFO][SyncEngineBackend::DoFinishConfigureDataTypes] Failed to download types:  and succeeded types: 
2025-07-14 05:48:44.418: [INFO][Sync] ConfigurationDone, failed: , succeeded: , remaining count: 0
2025-07-14 05:48:44.420: [INFO][Sync]     Configuration completed, state: 7
2025-07-14 05:48:44.420: [INFO][Sync] Configured DataTypeManager: Ok
2025-07-14 05:48:44.423: [INFO][SyncEngineBackend::DoStartSyncing] Start syncing
2025-07-14 05:55:19.015: [INFO][Sync] Reset engine, reason: 0
2025-07-14 05:55:19.015: [INFO][Sync] Reset engine with reason: 0
2025-07-26 13:43:30.286: [INFO][Sync] SyncState after authenticated was: FeatureCanStart
2025-07-26 13:43:30.784: [INFO][Sync] Try to start sync engine
2025-07-26 13:43:30.786: [INFO][SyncManagerImpl::NudgeForInitialDownload] Initial download nudge for Encryption Keys
2025-07-26 13:43:30.786: [INFO][SyncEngineBackend::LoadAndConnectNigoriController] Load and connect Nigori controller
2025-07-26 13:43:30.786: [INFO][SyncEngineBackend::DoInitialize] Control Types added: Encryption Keys
2025-07-26 13:43:30.786: [INFO][SyncManagerImpl::ConfigureSyncer] Types to download: Encryption Keys with reason: 3
2025-07-26 13:43:30.787: [INFO][SyncSchedulerImpl::DoConfigurationSyncCycleJob] Configure job was blocked
2025-07-26 13:43:30.828: [INFO][SyncAuthManager::SetLastAuthError] Current auth error: None
2025-07-26 13:43:30.828: [INFO][SyncAuthManager::EdgeLogTokenErrorState] Token error with: None for account type: MSA
2025-07-26 13:43:30.828: [INFO][Sync] Credentials changed for: EdgeSyncScopeNew
2025-07-26 13:43:31.711: [INFO][SyncAuthManager::SetLastAuthError] Current auth error: None
2025-07-26 13:43:31.712: [INFO][SyncAuthManager::EdgeLogTokenErrorState] Token error with: None for account type: MSA
2025-07-26 13:43:31.712: [INFO][Sync] Credentials changed for: EdgeSyncKeyDataScope
2025-07-26 13:43:31.712: [INFO][SyncEngineBackend::DoUpdateKeyDataCredentials] Update key data credentials
2025-07-26 13:43:31.712: [INFO][SyncEngineBackend::DoUpdateCredentials] Update credentials
2025-07-26 13:43:31.712: [INFO][SyncSchedulerImpl::DoConfigurationSyncCycleJob] Blocked types:  and types to download: Encryption Keys
2025-07-26 13:43:32.410: [INFO][Sync] Started DataTypeManager configuration, reason: 4
2025-07-26 13:43:32.410: [INFO][Sync] Configuring for: Bookmarks, Preferences, Passwords, Autofill Profiles, Autofill, Extensions, Sessions, Extension settings, History Delete Directives, Device Info, User Consents, Send Tab To Self, Web Apps, History, Saved Tab Group, WebAuthn Credentials, Collection, Edge E Drop, Edge Hub App Usage, Edge Wallet, Encryption Keys, reason: 4, current state: 0
2025-07-26 13:43:32.410: [WARN][Sync] Crypto error data types: Passwords, Autofill Profiles, Autofill
2025-07-26 13:43:32.411: [INFO][Sync] Configure, desired: Bookmarks, Preferences, Extensions, Sessions, Extension settings, History Delete Directives, Device Info, User Consents, Send Tab To Self, Web Apps, History, Saved Tab Group, WebAuthn Credentials, Collection, Edge E Drop, Edge Hub App Usage, Edge Wallet, Encryption Keys; Allow fail: Passwords, Autofill Profiles, Autofill
2025-07-26 13:43:32.412: [INFO][Sync] Loading: Bookmarks
2025-07-26 13:43:32.412: [INFO][Sync] Loading: Preferences
2025-07-26 13:43:32.412: [INFO][Sync] Loading: Extensions
2025-07-26 13:43:32.412: [INFO][Sync] Loading: Sessions
2025-07-26 13:43:32.412: [INFO][Sync] Loading: Extension settings
2025-07-26 13:43:32.412: [INFO][Sync] Loading: History Delete Directives
2025-07-26 13:43:32.412: [INFO][Sync] Loading: Device Info
2025-07-26 13:43:32.412: [INFO][Sync] Loading: User Consents
2025-07-26 13:43:32.412: [INFO][Sync] Loading: Send Tab To Self
2025-07-26 13:43:32.412: [INFO][Sync] Loading: Web Apps
2025-07-26 13:43:32.412: [INFO][Sync] Loading: History
2025-07-26 13:43:32.412: [INFO][Sync] Loading: Saved Tab Group
2025-07-26 13:43:32.412: [INFO][Sync] Loading: WebAuthn Credentials
2025-07-26 13:43:32.412: [INFO][Sync] Loading: Collection
2025-07-26 13:43:32.412: [INFO][Sync] Loading: Edge E Drop
2025-07-26 13:43:32.412: [INFO][Sync] Loading: Edge Hub App Usage
2025-07-26 13:43:32.412: [INFO][Sync] Loading: Edge Wallet
2025-07-26 13:43:32.414: [INFO][Sync] All data types are ready for configure.
2025-07-26 13:43:32.831: [INFO][Sync] Started DataTypeManager configuration, reason: 5
2025-07-26 13:43:32.831: [INFO][Sync] Configuring for: Bookmarks, Preferences, Passwords, Autofill Profiles, Autofill, Extensions, Sessions, Extension settings, History Delete Directives, Device Info, User Consents, Send Tab To Self, Web Apps, History, Saved Tab Group, WebAuthn Credentials, Collection, Edge E Drop, Edge Hub App Usage, Edge Wallet, Encryption Keys, reason: 5, current state: 1
2025-07-26 13:43:32.834: [INFO][SyncEngineBackend::DoStartConfiguration] Start configuration
2025-07-26 13:43:32.835: [INFO][SyncManagerImpl::ConfigureSyncer] Types to download:  with reason: 4
2025-07-26 13:43:32.835: [INFO][SyncEngineBackend::DoFinishConfigureDataTypes] Failed to download types:  and succeeded types: 
2025-07-26 13:43:32.835: [INFO][Sync] ConfigurationDone, failed: , succeeded: , remaining count: 4
2025-07-26 13:43:32.835: [WARN][Sync]     Reconfigure requested while configuration ongoing.
2025-07-26 13:43:32.835: [INFO][Sync] Configuring for: Bookmarks, Preferences, Passwords, Autofill Profiles, Autofill, Extensions, Sessions, Extension settings, History Delete Directives, Device Info, User Consents, Send Tab To Self, Web Apps, History, Saved Tab Group, WebAuthn Credentials, Collection, Edge E Drop, Edge Hub App Usage, Edge Wallet, Encryption Keys, reason: 5, current state: 2
2025-07-26 13:43:32.835: [INFO][Sync] Configure, desired: Bookmarks, Preferences, Passwords, Autofill Profiles, Autofill, Extensions, Sessions, Extension settings, History Delete Directives, Device Info, User Consents, Send Tab To Self, Web Apps, History, Saved Tab Group, WebAuthn Credentials, Collection, Edge E Drop, Edge Hub App Usage, Edge Wallet, Encryption Keys; Allow fail: 
2025-07-26 13:43:32.835: [INFO][Sync] Loading: Passwords
2025-07-26 13:43:32.835: [INFO][Sync] Loading: Autofill Profiles
2025-07-26 13:43:32.835: [INFO][Sync] Loading: Autofill
2025-07-26 13:43:32.835: [INFO][Sync] All data types are ready for configure.
2025-07-26 13:43:32.835: [INFO][SyncManagerImpl::NudgeForInitialDownload] Initial download nudge for Passwords
2025-07-26 13:43:32.835: [INFO][SyncManagerImpl::ConfigureSyncer] Types to download:  with reason: 5
2025-07-26 13:43:32.835: [INFO][SyncEngineBackend::DoFinishConfigureDataTypes] Failed to download types:  and succeeded types: 
2025-07-26 13:43:32.835: [INFO][Sync] ConfigurationDone, failed: , succeeded: , remaining count: 4
2025-07-26 13:43:32.835: [INFO][Sync] Prepare to configure types: Passwords, Encryption Keys
2025-07-26 13:43:32.835: [INFO][SyncManagerImpl::ConfigureSyncer] Types to download: Passwords, Encryption Keys with reason: 5
2025-07-26 13:43:32.835: [INFO][SyncSchedulerImpl::DoConfigurationSyncCycleJob] Blocked types:  and types to download: Passwords, Encryption Keys
2025-07-26 13:43:33.481: [INFO][SyncEngineBackend::DoFinishConfigureDataTypes] Failed to download types:  and succeeded types: Passwords, Encryption Keys
2025-07-26 13:43:33.482: [INFO][Sync] ConfigurationDone, failed: , succeeded: Passwords, Encryption Keys, remaining count: 3
2025-07-26 13:43:33.482: [INFO][SyncManagerImpl::ConfigureSyncer] Types to download:  with reason: 5
2025-07-26 13:43:33.482: [INFO][SyncEngineBackend::DoFinishConfigureDataTypes] Failed to download types:  and succeeded types: 
2025-07-26 13:43:33.485: [INFO][Sync] ConfigurationDone, failed: , succeeded: , remaining count: 2
2025-07-26 13:43:33.485: [INFO][SyncManagerImpl::ConfigureSyncer] Types to download:  with reason: 5
2025-07-26 13:43:33.485: [INFO][SyncEngineBackend::DoFinishConfigureDataTypes] Failed to download types:  and succeeded types: 
2025-07-26 13:43:33.486: [INFO][Sync] ConfigurationDone, failed: , succeeded: , remaining count: 1
2025-07-26 13:43:33.487: [INFO][SyncManagerImpl::ConfigureSyncer] Types to download:  with reason: 5
2025-07-26 13:43:33.487: [INFO][SyncEngineBackend::DoFinishConfigureDataTypes] Failed to download types:  and succeeded types: 
2025-07-26 13:43:33.487: [INFO][Sync] ConfigurationDone, failed: , succeeded: , remaining count: 0
2025-07-26 13:43:33.488: [INFO][Sync]     Configuration completed, state: 7
2025-07-26 13:43:33.488: [INFO][Sync] Configured DataTypeManager: Ok
2025-07-26 13:43:33.491: [INFO][SyncEngineBackend::DoStartSyncing] Start syncing
2025-07-26 13:50:10.584: [INFO][Sync] Reset engine, reason: 0
2025-07-26 13:50:10.584: [INFO][Sync] Reset engine with reason: 0
